TN:
SF:src\DashboardApp.vue
FN:13,(anonymous_1)
FN:54,(anonymous_2)
FN:61,(anonymous_3)
FN:72,(anonymous_4)
FN:75,(anonymous_5)
FN:76,(anonymous_6)
FN:78,(anonymous_7)
FN:79,(anonymous_8)
FN:80,(anonymous_9)
FN:85,(anonymous_10)
FN:87,(anonymous_11)
FN:95,(anonymous_12)
FN:117,(anonymous_14)
FN:122,(anonymous_15)
FNF:14
FNH:10
FNDA:0,(anonymous_1)
FNDA:0,(anonymous_2)
FNDA:1,(anonymous_3)
FNDA:7,(anonymous_4)
FNDA:1,(anonymous_5)
FNDA:1,(anonymous_6)
FNDA:1,(anonymous_7)
FNDA:1,(anonymous_8)
FNDA:0,(anonymous_9)
FNDA:1,(anonymous_10)
FNDA:1,(anonymous_11)
FNDA:1,(anonymous_12)
FNDA:0,(anonymous_14)
FNDA:1,(anonymous_15)
DA:12,1
DA:13,1
DA:14,0
DA:15,0
DA:16,0
DA:37,1
DA:50,1
DA:51,1
DA:52,1
DA:54,1
DA:55,0
DA:56,0
DA:59,1
DA:61,1
DA:62,1
DA:63,1
DA:64,1
DA:72,7
DA:75,1
DA:76,1
DA:78,1
DA:79,1
DA:80,1
DA:81,0
DA:82,0
DA:85,1
DA:86,1
DA:87,1
DA:88,1
DA:89,1
DA:90,0
DA:95,1
DA:96,1
DA:101,1
DA:108,1
DA:113,1
DA:117,0
DA:122,1
DA:129,1
DA:149,1
DA:152,1
LF:41
LH:32
BRDA:56,0,0,0
BRDA:56,0,1,0
BRDA:63,1,0,0
BRDA:63,1,1,1
BRDA:76,2,0,0
BRDA:76,2,1,1
BRDA:82,3,0,0
BRDA:82,3,1,0
BRDA:89,4,0,0
BRDA:89,4,1,1
BRDA:103,5,0,1
BRDA:114,6,0,0
BRDA:114,6,1,1
BRDA:115,7,0,0
BRDA:115,7,1,0
BRDA:117,8,0,0
BRDA:117,8,1,0
BRDA:130,9,0,1
BRDA:130,9,1,1
BRDA:137,10,0,0
BRDA:137,10,1,1
BRDA:140,11,0,0
BRDA:140,11,1,0
BRDA:143,12,0,0
BRDA:143,12,1,1
BRDA:143,13,0,1
BRDA:143,13,1,0
BRDA:143,13,2,0
BRDA:148,14,0,0
BRDA:150,15,0,0
BRDA:150,15,1,0
BRDA:151,16,0,0
BRDA:151,16,1,0
BRDA:153,17,0,0
BRDA:153,17,1,0
BRF:35
BRH:10
end_of_record
TN:
SF:src\WidgetApp.vue
FN:30,(anonymous_1)
FN:33,(anonymous_2)
FN:43,(anonymous_3)
FN:57,(anonymous_4)
FN:76,(anonymous_5)
FN:101,(anonymous_6)
FN:117,(anonymous_7)
FN:125,(anonymous_8)
FN:145,(anonymous_9)
FN:161,(anonymous_10)
FN:187,(anonymous_11)
FN:199,(anonymous_12)
FN:217,(anonymous_13)
FN:235,(anonymous_14)
FN:245,playWakeWordSound
FN:255,(anonymous_16)
FN:287,(anonymous_17)
FN:301,(anonymous_18)
FN:327,(anonymous_19)
FN:348,(anonymous_20)
FN:349,(anonymous_21)
FN:352,(anonymous_22)
FN:389,(anonymous_23)
FN:408,(anonymous_24)
FN:462,(anonymous_25)
FN:499,(anonymous_26)
FN:504,(anonymous_27)
FN:504,(anonymous_28)
FN:505,(anonymous_29)
FN:517,(anonymous_30)
FN:531,(anonymous_31)
FN:540,(anonymous_32)
FN:549,(anonymous_33)
FN:574,(anonymous_34)
FN:574,(anonymous_35)
FN:588,startFrameCapture
FN:590,(anonymous_37)
FN:601,stopFrameCapture
FN:608,(anonymous_39)
FN:618,(anonymous_40)
FN:626,(anonymous_41)
FN:635,(anonymous_42)
FN:639,(anonymous_43)
FN:643,(anonymous_44)
FN:655,(anonymous_45)
FN:666,(anonymous_46)
FN:687,(anonymous_47)
FN:694,(anonymous_48)
FN:716,(anonymous_49)
FN:722,(anonymous_50)
FN:739,(anonymous_51)
FN:746,(anonymous_52)
FN:752,(anonymous_53)
FN:862,(anonymous_54)
FN:863,(anonymous_55)
FN:882,(anonymous_56)
FN:954,(anonymous_57)
FN:955,(anonymous_58)
FN:971,(anonymous_59)
FN:1033,(anonymous_60)
FN:1081,(anonymous_61)
FN:1097,(anonymous_62)
FN:1104,(anonymous_63)
FN:1180,(anonymous_97)
FN:1270,(anonymous_98)
FN:1308,(anonymous_99)
FN:1356,(anonymous_100)
FN:1388,(anonymous_101)
FN:1436,(anonymous_102)
FNF:69
FNH:6
FNDA:0,(anonymous_1)
FNDA:1,(anonymous_2)
FNDA:0,(anonymous_3)
FNDA:0,(anonymous_4)
FNDA:0,(anonymous_5)
FNDA:0,(anonymous_6)
FNDA:0,(anonymous_7)
FNDA:0,(anonymous_8)
FNDA:0,(anonymous_9)
FNDA:0,(anonymous_10)
FNDA:0,(anonymous_11)
FNDA:0,(anonymous_12)
FNDA:0,(anonymous_13)
FNDA:0,(anonymous_14)
FNDA:0,playWakeWordSound
FNDA:0,(anonymous_16)
FNDA:0,(anonymous_17)
FNDA:0,(anonymous_18)
FNDA:0,(anonymous_19)
FNDA:0,(anonymous_20)
FNDA:0,(anonymous_21)
FNDA:0,(anonymous_22)
FNDA:0,(anonymous_23)
FNDA:0,(anonymous_24)
FNDA:2,(anonymous_25)
FNDA:0,(anonymous_26)
FNDA:1,(anonymous_27)
FNDA:0,(anonymous_28)
FNDA:0,(anonymous_29)
FNDA:0,(anonymous_30)
FNDA:0,(anonymous_31)
FNDA:0,(anonymous_32)
FNDA:0,(anonymous_33)
FNDA:4,(anonymous_34)
FNDA:0,(anonymous_35)
FNDA:0,startFrameCapture
FNDA:0,(anonymous_37)
FNDA:0,stopFrameCapture
FNDA:0,(anonymous_39)
FNDA:0,(anonymous_40)
FNDA:0,(anonymous_41)
FNDA:0,(anonymous_42)
FNDA:0,(anonymous_43)
FNDA:0,(anonymous_44)
FNDA:0,(anonymous_45)
FNDA:0,(anonymous_46)
FNDA:0,(anonymous_47)
FNDA:1,(anonymous_48)
FNDA:1,(anonymous_49)
FNDA:0,(anonymous_50)
FNDA:0,(anonymous_51)
FNDA:0,(anonymous_52)
FNDA:0,(anonymous_53)
FNDA:0,(anonymous_54)
FNDA:0,(anonymous_55)
FNDA:0,(anonymous_56)
FNDA:0,(anonymous_57)
FNDA:0,(anonymous_58)
FNDA:0,(anonymous_59)
FNDA:0,(anonymous_60)
FNDA:0,(anonymous_61)
FNDA:0,(anonymous_62)
FNDA:0,(anonymous_63)
FNDA:0,(anonymous_97)
FNDA:0,(anonymous_98)
FNDA:0,(anonymous_99)
FNDA:0,(anonymous_100)
FNDA:0,(anonymous_101)
FNDA:0,(anonymous_102)
DA:19,1
DA:21,1
DA:30,1
DA:31,0
DA:33,1
DA:34,1
DA:37,1
DA:38,1
DA:39,1
DA:40,1
DA:41,1
DA:43,1
DA:44,0
DA:45,0
DA:47,0
DA:48,0
DA:51,0
DA:52,0
DA:54,0
DA:57,1
DA:58,0
DA:59,0
DA:61,0
DA:63,0
DA:64,0
DA:65,0
DA:66,0
DA:73,0
DA:76,1
DA:77,0
DA:78,0
DA:80,0
DA:81,0
DA:82,0
DA:83,0
DA:85,0
DA:94,1
DA:95,1
DA:96,1
DA:98,1
DA:99,1
DA:101,1
DA:102,0
DA:103,0
DA:106,0
DA:108,0
DA:109,0
DA:110,0
DA:111,0
DA:113,0
DA:116,0
DA:117,0
DA:118,0
DA:124,1
DA:125,1
DA:126,0
DA:127,0
DA:128,0
DA:129,0
DA:130,0
DA:135,1
DA:136,1
DA:145,1
DA:146,0
DA:147,0
DA:149,0
DA:152,1
DA:159,1
DA:161,1
DA:162,0
DA:169,0
DA:170,0
DA:171,0
DA:172,0
DA:175,1
DA:176,1
DA:177,1
DA:182,1
DA:183,1
DA:184,1
DA:185,1
DA:187,1
DA:188,0
DA:189,0
DA:190,0
DA:191,0
DA:192,0
DA:193,0
DA:199,1
DA:200,0
DA:201,0
DA:202,0
DA:204,0
DA:205,0
DA:206,0
DA:207,0
DA:209,0
DA:210,0
DA:212,0
DA:213,0
DA:217,1
DA:218,0
DA:219,0
DA:220,0
DA:221,0
DA:222,0
DA:228,1
DA:229,1
DA:230,1
DA:231,1
DA:232,1
DA:233,1
DA:234,1
DA:235,1
DA:238,1
DA:243,1
DA:246,0
DA:247,0
DA:248,0
DA:249,0
DA:251,0
DA:252,0
DA:255,0
DA:256,0
DA:257,0
DA:259,0
DA:260,0
DA:262,0
DA:263,0
DA:265,0
DA:266,0
DA:267,0
DA:269,0
DA:270,0
DA:273,0
DA:275,0
DA:276,0
DA:279,0
DA:287,1
DA:288,0
DA:291,0
DA:294,0
DA:295,0
DA:296,0
DA:299,1
DA:301,1
DA:302,0
DA:303,0
DA:304,0
DA:305,0
DA:307,0
DA:308,0
DA:312,0
DA:313,0
DA:314,0
DA:315,0
DA:320,1
DA:325,1
DA:327,1
DA:328,0
DA:329,0
DA:330,0
DA:331,0
DA:332,0
DA:333,0
DA:340,1
DA:341,1
DA:342,1
DA:343,1
DA:344,1
DA:345,1
DA:346,1
DA:348,1
DA:349,0
DA:352,1
DA:353,0
DA:354,0
DA:357,0
DA:358,0
DA:359,0
DA:361,0
DA:362,0
DA:363,0
DA:369,0
DA:370,0
DA:373,0
DA:374,0
DA:376,0
DA:377,0
DA:378,0
DA:380,0
DA:381,0
DA:389,1
DA:390,0
DA:391,0
DA:392,0
DA:393,0
DA:395,0
DA:396,0
DA:397,0
DA:399,0
DA:401,0
DA:402,0
DA:403,0
DA:405,0
DA:406,0
DA:407,0
DA:408,0
DA:409,0
DA:410,0
DA:411,0
DA:413,0
DA:414,0
DA:416,0
DA:417,0
DA:418,0
DA:422,0
DA:423,0
DA:424,0
DA:425,0
DA:427,0
DA:428,0
DA:429,0
DA:432,0
DA:433,0
DA:435,0
DA:436,0
DA:439,0
DA:446,1
DA:458,1
DA:459,1
DA:460,1
DA:462,1
DA:463,2
DA:464,2
DA:467,2
DA:468,2
DA:469,2
DA:478,2
DA:479,0
DA:480,0
DA:489,2
DA:490,2
DA:491,2
DA:499,2
DA:500,0
DA:504,1
DA:505,0
DA:506,0
DA:514,1
DA:515,1
DA:517,1
DA:518,0
DA:519,0
DA:520,0
DA:522,0
DA:523,0
DA:524,0
DA:526,0
DA:527,0
DA:531,1
DA:532,0
DA:533,0
DA:534,0
DA:540,1
DA:541,0
DA:542,0
DA:549,1
DA:550,0
DA:551,0
DA:555,0
DA:556,0
DA:557,0
DA:558,0
DA:561,0
DA:562,0
DA:570,0
DA:574,4
DA:575,0
DA:576,0
DA:577,0
DA:579,0
DA:589,0
DA:590,0
DA:591,0
DA:592,0
DA:594,0
DA:595,0
DA:596,0
DA:602,0
DA:603,0
DA:604,0
DA:608,1
DA:609,0
DA:610,0
DA:611,0
DA:618,1
DA:619,0
DA:620,0
DA:621,0
DA:622,0
DA:626,0
DA:635,1
DA:636,0
DA:637,0
DA:638,0
DA:639,0
DA:640,0
DA:641,0
DA:644,0
DA:647,0
DA:650,0
DA:655,1
DA:656,0
DA:658,0
DA:659,0
DA:666,1
DA:667,0
DA:669,0
DA:671,0
DA:672,0
DA:673,0
DA:675,0
DA:680,0
DA:681,0
DA:687,1
DA:688,0
DA:694,1
DA:695,1
DA:698,1
DA:699,1
DA:700,1
DA:702,1
DA:703,1
DA:704,1
DA:708,1
DA:709,1
DA:710,1
DA:711,1
DA:712,1
DA:716,1
DA:717,1
DA:719,1
DA:722,1
DA:723,0
DA:724,0
DA:725,0
DA:726,0
DA:727,0
DA:728,0
DA:734,1
DA:735,1
DA:736,1
DA:737,1
DA:739,1
DA:740,0
DA:741,0
DA:742,0
DA:743,0
DA:744,0
DA:745,0
DA:746,0
DA:747,0
DA:752,1
DA:753,0
DA:754,0
DA:755,0
DA:756,0
DA:757,0
DA:758,0
DA:759,0
DA:760,0
DA:762,0
DA:763,0
DA:764,0
DA:766,0
DA:767,0
DA:768,0
DA:770,0
DA:774,0
DA:775,0
DA:777,0
DA:778,0
DA:781,0
DA:784,0
DA:786,0
DA:787,0
DA:788,0
DA:789,0
DA:791,0
DA:792,0
DA:794,0
DA:795,0
DA:798,0
DA:801,0
DA:803,0
DA:804,0
DA:805,0
DA:806,0
DA:809,0
DA:810,0
DA:812,0
DA:813,0
DA:814,0
DA:815,0
DA:816,0
DA:818,0
DA:819,0
DA:820,0
DA:821,0
DA:822,0
DA:823,0
DA:824,0
DA:825,0
DA:826,0
DA:827,0
DA:828,0
DA:829,0
DA:830,0
DA:831,0
DA:833,0
DA:835,0
DA:836,0
DA:837,0
DA:838,0
DA:839,0
DA:840,0
DA:841,0
DA:842,0
DA:843,0
DA:844,0
DA:845,0
DA:846,0
DA:847,0
DA:848,0
DA:849,0
DA:850,0
DA:851,0
DA:852,0
DA:853,0
DA:854,0
DA:856,0
DA:857,0
DA:858,0
DA:861,0
DA:862,0
DA:863,0
DA:865,0
DA:867,0
DA:876,0
DA:877,0
DA:878,0
DA:880,0
DA:881,0
DA:882,0
DA:884,0
DA:887,0
DA:889,0
DA:893,0
DA:894,0
DA:895,0
DA:901,0
DA:902,0
DA:903,0
DA:904,0
DA:905,0
DA:906,0
DA:907,0
DA:908,0
DA:910,0
DA:912,0
DA:917,0
DA:918,0
DA:920,0
DA:922,0
DA:923,0
DA:925,0
DA:926,0
DA:927,0
DA:928,0
DA:929,0
DA:930,0
DA:933,0
DA:934,0
DA:936,0
DA:937,0
DA:938,0
DA:940,0
DA:941,0
DA:942,0
DA:946,0
DA:947,0
DA:950,0
DA:953,0
DA:954,0
DA:955,0
DA:957,0
DA:959,0
DA:968,0
DA:969,0
DA:970,0
DA:971,0
DA:973,0
DA:975,0
DA:977,0
DA:980,0
DA:981,0
DA:982,0
DA:983,0
DA:984,0
DA:989,0
DA:991,0
DA:992,0
DA:993,0
DA:998,0
DA:1000,0
DA:1001,0
DA:1002,0
DA:1004,0
DA:1005,0
DA:1006,0
DA:1008,0
DA:1009,0
DA:1010,0
DA:1011,0
DA:1012,0
DA:1013,0
DA:1016,0
DA:1017,0
DA:1018,0
DA:1020,0
DA:1022,0
DA:1023,0
DA:1024,0
DA:1025,0
DA:1027,0
DA:1028,0
DA:1030,0
DA:1031,0
DA:1032,0
DA:1033,0
DA:1034,0
DA:1035,0
DA:1036,0
DA:1038,0
DA:1039,0
DA:1041,0
DA:1042,0
DA:1043,0
DA:1047,0
DA:1048,0
DA:1049,0
DA:1050,0
DA:1052,0
DA:1053,0
DA:1054,0
DA:1057,0
DA:1058,0
DA:1060,0
DA:1061,0
DA:1064,0
DA:1068,0
DA:1074,1
DA:1075,1
DA:1081,1
DA:1082,0
DA:1083,0
DA:1084,0
DA:1085,0
DA:1086,0
DA:1087,0
DA:1088,0
DA:1089,0
DA:1090,0
DA:1093,0
DA:1094,0
DA:1097,1
DA:1099,0
DA:1100,0
DA:1104,1
DA:1106,0
DA:1108,0
DA:1113,2
DA:1191,1
DA:1192,1
DA:1212,1
DA:1246,1
DA:1247,1
DA:1249,1
DA:1251,1
DA:1259,1
DA:1260,1
DA:1262,1
DA:1270,0
DA:1308,0
DA:1356,0
DA:1388,0
DA:1426,1
LF:598
LH:132
BRDA:44,0,0,0
BRDA:44,0,1,0
BRDA:44,0,2,0
BRDA:45,1,0,0
BRDA:45,1,1,0
BRDA:45,1,2,0
BRDA:47,2,0,0
BRDA:47,2,1,0
BRDA:47,3,0,0
BRDA:47,3,1,0
BRDA:51,4,0,0
BRDA:51,4,1,0
BRDA:51,5,0,0
BRDA:51,5,1,0
BRDA:51,5,2,0
BRDA:52,6,0,0
BRDA:52,6,1,0
BRDA:58,7,0,0
BRDA:58,7,1,0
BRDA:58,7,2,0
BRDA:59,8,0,0
BRDA:59,8,1,0
BRDA:61,9,0,0
BRDA:61,9,1,0
BRDA:63,10,0,0
BRDA:63,10,1,0
BRDA:64,11,0,0
BRDA:64,11,1,0
BRDA:68,12,0,0
BRDA:68,12,1,0
BRDA:69,13,0,0
BRDA:69,13,1,0
BRDA:69,14,0,0
BRDA:69,14,1,0
BRDA:82,15,0,0
BRDA:82,15,1,0
BRDA:86,16,0,0
BRDA:86,16,1,0
BRDA:102,17,0,0
BRDA:102,17,1,0
BRDA:108,18,0,0
BRDA:108,18,1,0
BRDA:109,19,0,0
BRDA:109,19,1,0
BRDA:116,20,0,0
BRDA:116,20,1,0
BRDA:116,21,0,0
BRDA:116,21,1,0
BRDA:127,22,0,0
BRDA:127,22,1,0
BRDA:146,23,0,0
BRDA:146,23,1,0
BRDA:146,24,0,0
BRDA:146,24,1,0
BRDA:171,25,0,0
BRDA:171,25,1,0
BRDA:188,26,0,0
BRDA:188,26,1,0
BRDA:204,27,0,0
BRDA:204,27,1,0
BRDA:207,28,0,0
BRDA:207,28,1,0
BRDA:210,29,0,0
BRDA:210,29,1,0
BRDA:212,30,0,0
BRDA:212,30,1,0
BRDA:247,31,0,0
BRDA:247,31,1,0
BRDA:248,32,0,0
BRDA:248,32,1,0
BRDA:251,33,0,0
BRDA:251,33,1,0
BRDA:302,34,0,0
BRDA:302,34,1,0
BRDA:303,35,0,0
BRDA:303,35,1,0
BRDA:303,36,0,0
BRDA:303,36,1,0
BRDA:313,37,0,0
BRDA:313,37,1,0
BRDA:327,38,0,0
BRDA:328,39,0,0
BRDA:328,39,1,0
BRDA:328,40,0,0
BRDA:328,40,1,0
BRDA:352,41,0,0
BRDA:353,42,0,0
BRDA:353,42,1,0
BRDA:369,43,0,0
BRDA:369,43,1,0
BRDA:373,44,0,0
BRDA:373,44,1,0
BRDA:374,45,0,0
BRDA:374,45,1,0
BRDA:376,46,0,0
BRDA:376,46,1,0
BRDA:380,47,0,0
BRDA:380,47,1,0
BRDA:380,48,0,0
BRDA:380,48,1,0
BRDA:391,49,0,0
BRDA:391,49,1,0
BRDA:392,50,0,0
BRDA:392,50,1,0
BRDA:395,51,0,0
BRDA:395,51,1,0
BRDA:395,52,0,0
BRDA:395,52,1,0
BRDA:399,53,0,0
BRDA:399,53,1,0
BRDA:403,54,0,0
BRDA:403,54,1,0
BRDA:403,55,0,0
BRDA:403,55,1,0
BRDA:407,56,0,0
BRDA:407,56,1,0
BRDA:410,57,0,0
BRDA:410,57,1,0
BRDA:410,58,0,0
BRDA:410,58,1,0
BRDA:413,59,0,0
BRDA:413,59,1,0
BRDA:413,60,0,0
BRDA:413,60,1,0
BRDA:413,60,2,0
BRDA:416,61,0,0
BRDA:416,61,1,0
BRDA:416,62,0,0
BRDA:416,62,1,0
BRDA:424,63,0,0
BRDA:424,63,1,0
BRDA:427,64,0,0
BRDA:427,64,1,0
BRDA:427,65,0,0
BRDA:427,65,1,0
BRDA:435,66,0,0
BRDA:435,66,1,0
BRDA:435,67,0,0
BRDA:435,67,1,0
BRDA:439,68,0,0
BRDA:439,68,1,0
BRDA:463,69,0,0
BRDA:463,69,1,2
BRDA:467,70,0,2
BRDA:467,70,1,0
BRDA:478,71,0,0
BRDA:478,71,1,2
BRDA:478,72,0,2
BRDA:478,72,1,0
BRDA:489,73,0,2
BRDA:489,73,1,0
BRDA:522,74,0,0
BRDA:522,74,1,0
BRDA:534,75,0,0
BRDA:534,75,1,0
BRDA:541,76,0,0
BRDA:541,76,1,0
BRDA:541,77,0,0
BRDA:541,77,1,0
BRDA:550,78,0,0
BRDA:550,78,1,0
BRDA:555,79,0,0
BRDA:555,79,1,0
BRDA:555,80,0,0
BRDA:555,80,1,0
BRDA:555,80,2,0
BRDA:561,81,0,0
BRDA:561,81,1,0
BRDA:576,82,0,0
BRDA:576,82,1,0
BRDA:589,83,0,0
BRDA:589,83,1,0
BRDA:591,84,0,0
BRDA:591,84,1,0
BRDA:591,85,0,0
BRDA:591,85,1,0
BRDA:592,86,0,0
BRDA:592,86,1,0
BRDA:595,87,0,0
BRDA:595,87,1,0
BRDA:602,88,0,0
BRDA:602,88,1,0
BRDA:610,89,0,0
BRDA:610,89,1,0
BRDA:619,90,0,0
BRDA:619,90,1,0
BRDA:619,91,0,0
BRDA:619,91,1,0
BRDA:619,91,2,0
BRDA:636,92,0,0
BRDA:636,92,1,0
BRDA:637,93,0,0
BRDA:637,93,1,0
BRDA:637,94,0,0
BRDA:637,94,1,0
BRDA:640,95,0,0
BRDA:640,95,1,0
BRDA:658,96,0,0
BRDA:658,96,1,0
BRDA:658,97,0,0
BRDA:658,97,1,0
BRDA:667,98,0,0
BRDA:667,98,1,0
BRDA:667,99,0,0
BRDA:667,99,1,0
BRDA:667,99,2,0
BRDA:688,100,0,0
BRDA:688,100,1,0
BRDA:698,101,0,0
BRDA:698,101,1,1
BRDA:723,102,0,0
BRDA:723,102,1,0
BRDA:723,103,0,0
BRDA:723,103,1,0
BRDA:745,104,0,0
BRDA:745,104,1,0
BRDA:747,105,0,0
BRDA:747,105,1,0
BRDA:755,106,0,0
BRDA:755,106,1,0
BRDA:757,107,0,0
BRDA:757,107,1,0
BRDA:760,108,0,0
BRDA:760,108,1,0
BRDA:762,109,0,0
BRDA:762,109,1,0
BRDA:764,110,0,0
BRDA:764,110,1,0
BRDA:764,111,0,0
BRDA:764,111,1,0
BRDA:766,112,0,0
BRDA:766,112,1,0
BRDA:786,113,0,0
BRDA:786,113,1,0
BRDA:787,114,0,0
BRDA:787,114,1,0
BRDA:801,115,0,0
BRDA:801,115,1,0
BRDA:803,116,0,0
BRDA:803,116,1,0
BRDA:803,117,0,0
BRDA:803,117,1,0
BRDA:804,118,0,0
BRDA:804,118,1,0
BRDA:806,119,0,0
BRDA:806,119,1,0
BRDA:806,120,0,0
BRDA:806,120,1,0
BRDA:809,121,0,0
BRDA:809,121,1,0
BRDA:812,122,0,0
BRDA:812,122,1,0
BRDA:816,123,0,0
BRDA:816,123,1,0
BRDA:820,124,0,0
BRDA:820,124,1,0
BRDA:824,125,0,0
BRDA:824,125,1,0
BRDA:828,126,0,0
BRDA:828,126,1,0
BRDA:833,127,0,0
BRDA:833,127,1,0
BRDA:838,128,0,0
BRDA:838,128,1,0
BRDA:839,129,0,0
BRDA:839,129,1,0
BRDA:840,130,0,0
BRDA:840,130,1,0
BRDA:842,131,0,0
BRDA:842,131,1,0
BRDA:844,132,0,0
BRDA:844,132,1,0
BRDA:849,133,0,0
BRDA:849,133,1,0
BRDA:851,134,0,0
BRDA:851,134,1,0
BRDA:852,135,0,0
BRDA:852,135,1,0
BRDA:852,136,0,0
BRDA:852,136,1,0
BRDA:856,137,0,0
BRDA:856,137,1,0
BRDA:865,138,0,0
BRDA:865,138,1,0
BRDA:865,139,0,0
BRDA:865,139,1,0
BRDA:867,140,0,0
BRDA:867,140,1,0
BRDA:867,140,2,0
BRDA:867,140,3,0
BRDA:867,140,4,0
BRDA:867,140,5,0
BRDA:867,140,6,0
BRDA:867,140,7,0
BRDA:876,141,0,0
BRDA:876,141,1,0
BRDA:877,142,0,0
BRDA:877,142,1,0
BRDA:881,143,0,0
BRDA:881,143,1,0
BRDA:894,144,0,0
BRDA:894,144,1,0
BRDA:901,145,0,0
BRDA:901,145,1,0
BRDA:904,146,0,0
BRDA:904,146,1,0
BRDA:905,147,0,0
BRDA:905,147,1,0
BRDA:910,148,0,0
BRDA:910,148,1,0
BRDA:917,149,0,0
BRDA:917,149,1,0
BRDA:926,150,0,0
BRDA:926,150,1,0
BRDA:929,151,0,0
BRDA:929,151,1,0
BRDA:940,152,0,0
BRDA:940,152,1,0
BRDA:946,153,0,0
BRDA:946,153,1,0
BRDA:946,154,0,0
BRDA:946,154,1,0
BRDA:957,155,0,0
BRDA:957,155,1,0
BRDA:957,156,0,0
BRDA:957,156,1,0
BRDA:959,157,0,0
BRDA:959,157,1,0
BRDA:959,157,2,0
BRDA:959,157,3,0
BRDA:959,157,4,0
BRDA:959,157,5,0
BRDA:959,157,6,0
BRDA:959,157,7,0
BRDA:968,158,0,0
BRDA:968,158,1,0
BRDA:968,159,0,0
BRDA:968,159,1,0
BRDA:970,160,0,0
BRDA:970,160,1,0
BRDA:981,161,0,0
BRDA:981,161,1,0
BRDA:981,162,0,0
BRDA:981,162,1,0
BRDA:983,163,0,0
BRDA:983,163,1,0
BRDA:992,164,0,0
BRDA:992,164,1,0
BRDA:998,165,0,0
BRDA:998,165,1,0
BRDA:1002,166,0,0
BRDA:1002,166,1,0
BRDA:1004,167,0,0
BRDA:1004,167,1,0
BRDA:1005,168,0,0
BRDA:1005,168,1,0
BRDA:1008,169,0,0
BRDA:1008,169,1,0
BRDA:1009,170,0,0
BRDA:1009,170,1,0
BRDA:1011,171,0,0
BRDA:1011,171,1,0
BRDA:1012,172,0,0
BRDA:1012,172,1,0
BRDA:1016,173,0,0
BRDA:1016,173,1,0
BRDA:1016,174,0,0
BRDA:1016,174,1,0
BRDA:1020,175,0,0
BRDA:1020,175,1,0
BRDA:1028,176,0,0
BRDA:1028,176,1,0
BRDA:1028,177,0,0
BRDA:1028,177,1,0
BRDA:1032,178,0,0
BRDA:1032,178,1,0
BRDA:1035,179,0,0
BRDA:1035,179,1,0
BRDA:1035,180,0,0
BRDA:1035,180,1,0
BRDA:1038,181,0,0
BRDA:1038,181,1,0
BRDA:1038,182,0,0
BRDA:1038,182,1,0
BRDA:1038,182,2,0
BRDA:1041,183,0,0
BRDA:1041,183,1,0
BRDA:1041,184,0,0
BRDA:1041,184,1,0
BRDA:1049,185,0,0
BRDA:1049,185,1,0
BRDA:1052,186,0,0
BRDA:1052,186,1,0
BRDA:1052,187,0,0
BRDA:1052,187,1,0
BRDA:1060,188,0,0
BRDA:1060,188,1,0
BRDA:1060,189,0,0
BRDA:1060,189,1,0
BRDA:1064,190,0,0
BRDA:1064,190,1,0
BRDA:1068,191,0,0
BRDA:1068,191,1,0
BRDA:1074,192,0,1
BRDA:1074,192,1,0
BRDA:1083,193,0,0
BRDA:1083,193,1,0
BRDA:1085,194,0,0
BRDA:1085,194,1,0
BRDA:1088,195,0,0
BRDA:1088,195,1,0
BRDA:1093,196,0,0
BRDA:1093,196,1,0
BRDA:1094,197,0,0
BRDA:1094,197,1,0
BRDA:1099,198,0,0
BRDA:1099,198,1,0
BRDA:1108,199,0,0
BRDA:1108,199,1,0
BRDA:1123,200,0,0
BRDA:1123,200,1,2
BRDA:1127,201,0,0
BRDA:1127,201,1,2
BRDA:1134,202,0,0
BRDA:1134,202,1,2
BRDA:1134,203,0,0
BRDA:1134,203,1,2
BRDA:1149,204,0,0
BRDA:1149,204,1,2
BRDA:1149,205,0,0
BRDA:1149,205,1,2
BRDA:1155,206,0,2
BRDA:1155,206,1,1
BRDA:1174,207,0,0
BRDA:1174,208,0,2
BRDA:1174,208,1,0
BRDA:1174,208,2,0
BRDA:1175,209,0,0
BRDA:1175,209,1,0
BRDA:1182,210,0,0
BRDA:1182,211,0,0
BRDA:1182,211,1,0
BRDA:1183,212,0,0
BRDA:1183,212,1,0
BRDA:1190,213,0,0
BRDA:1190,213,1,0
BRDA:1190,214,0,0
BRDA:1190,214,1,0
BRDA:1194,215,0,0
BRDA:1198,216,0,0
BRDA:1202,217,0,0
BRDA:1202,217,1,0
BRDA:1207,218,0,0
BRDA:1207,219,0,2
BRDA:1207,219,1,0
BRDA:1224,220,0,0
BRDA:1224,220,1,0
BRDA:1227,221,0,0
BRDA:1228,222,0,0
BRDA:1228,222,1,0
BRDA:1229,223,0,0
BRDA:1229,223,1,0
BRDA:1250,224,0,0
BRDA:1250,224,1,0
BRDA:1252,225,0,0
BRDA:1252,225,1,0
BRDA:1263,226,0,0
BRDA:1263,226,1,0
BRDA:1270,227,0,0
BRDA:1270,227,1,0
BRDA:1273,228,0,0
BRDA:1273,228,1,0
BRDA:1284,229,0,0
BRDA:1284,229,1,0
BRDA:1289,230,0,0
BRDA:1289,230,1,0
BRDA:1295,231,0,0
BRDA:1295,231,1,2
BRDA:1295,232,0,0
BRDA:1295,232,1,0
BRDA:1299,233,0,0
BRDA:1299,233,1,0
BRDA:1303,234,0,0
BRDA:1303,234,1,0
BRDA:1308,235,0,0
BRDA:1308,235,1,0
BRDA:1316,236,0,0
BRDA:1319,237,0,0
BRDA:1319,237,1,0
BRDA:1321,238,0,0
BRDA:1321,238,1,0
BRDA:1325,239,0,0
BRDA:1325,239,1,0
BRDA:1332,240,0,0
BRDA:1332,240,1,0
BRDA:1334,241,0,0
BRDA:1334,241,1,0
BRDA:1337,242,0,0
BRDA:1337,242,1,0
BRDA:1346,243,0,0
BRDA:1346,243,1,0
BRDA:1348,244,0,0
BRDA:1348,244,1,0
BRDA:1351,245,0,0
BRDA:1351,245,1,0
BRDA:1356,246,0,0
BRDA:1356,246,1,0
BRDA:1358,247,0,0
BRDA:1358,247,1,0
BRDA:1361,248,0,0
BRDA:1361,248,1,0
BRDA:1368,249,0,0
BRDA:1368,249,1,0
BRDA:1380,250,0,0
BRDA:1380,250,1,0
BRDA:1388,251,0,0
BRDA:1388,251,1,0
BRDA:1388,252,0,0
BRDA:1388,252,1,0
BRDA:1389,253,0,0
BRDA:1389,253,1,0
BRDA:1389,254,0,0
BRDA:1389,254,1,0
BRDA:1389,255,0,0
BRDA:1389,255,1,0
BRDA:1399,256,0,0
BRDA:1399,256,1,0
BRDA:1399,257,0,0
BRDA:1399,257,1,0
BRDA:1402,258,0,0
BRDA:1403,259,0,0
BRDA:1403,259,1,0
BRDA:1405,260,0,0
BRDA:1405,260,1,0
BRDA:1412,261,0,0
BRDA:1412,261,1,0
BRDA:1414,262,0,0
BRDA:1414,262,1,0
BRDA:1415,263,0,0
BRDA:1415,263,1,0
BRDA:1417,264,0,0
BRDA:1417,264,1,0
BRDA:1420,265,0,0
BRDA:1420,265,1,0
BRDA:1436,266,0,2
BRDA:1436,266,1,1
BRDA:1441,267,0,0
BRDA:1441,267,1,2
BRDA:1442,268,0,2
BRDA:1442,268,1,1
BRF:550
BRH:23
end_of_record
TN:
SF:src\dashboard-main.ts
FNF:0
FNH:0
DA:8,0
DA:9,0
DA:10,0
LF:3
LH:0
BRF:0
BRH:0
end_of_record
TN:
SF:src\widget-main.ts
FNF:0
FNH:0
DA:8,0
DA:9,0
DA:10,0
LF:3
LH:0
BRF:0
BRH:0
end_of_record
TN:
SF:src\components\HelloWorld.vue
FN:21,(anonymous_5)
FNF:1
FNH:1
FNDA:1,(anonymous_5)
DA:7,1
DA:11,1
DA:12,1
DA:21,1
DA:26,1
DA:27,1
DA:29,1
DA:50,1
DA:58,1
DA:66,1
DA:74,1
DA:82,1
LF:12
LH:12
BRDA:17,0,0,2
BRDA:17,0,1,1
BRDA:21,1,0,2
BRDA:21,1,1,1
BRDA:24,2,0,2
BRDA:24,2,1,1
BRDA:28,3,0,2
BRDA:28,3,1,1
BRDA:31,4,0,2
BRDA:31,4,1,1
BRDA:32,5,0,2
BRDA:32,5,1,1
BRDA:48,6,0,2
BRDA:48,6,1,1
BRDA:91,7,0,2
BRDA:91,7,1,1
BRDA:92,8,0,2
BRDA:92,8,1,1
BRF:18
BRH:18
end_of_record
TN:
SF:src\components\Live2DEngine.vue
FN:19,(anonymous_1)
FN:21,(anonymous_2)
FN:53,(anonymous_3)
FN:61,(anonymous_4)
FN:73,triggerMotion
FN:79,startLipSync
FN:85,stopLipSync
FN:95,playPrecalculatedLipSync
FN:106,lipSyncLoop
FN:129,stopAudioLipSync
FNF:10
FNH:8
FNDA:1,(anonymous_1)
FNDA:1,(anonymous_2)
FNDA:0,(anonymous_3)
FNDA:1,(anonymous_4)
FNDA:1,triggerMotion
FNDA:2,startLipSync
FNDA:1,stopLipSync
FNDA:1,playPrecalculatedLipSync
FNDA:1,lipSyncLoop
FNDA:0,stopAudioLipSync
DA:11,1
DA:12,1
DA:13,1
DA:15,1
DA:19,1
DA:21,1
DA:23,1
DA:25,1
DA:26,1
DA:27,1
DA:29,1
DA:38,1
DA:39,1
DA:40,0
DA:43,1
DA:44,1
DA:45,1
DA:48,1
DA:49,1
DA:50,1
DA:53,1
DA:54,0
DA:57,0
DA:61,1
DA:63,1
DA:64,1
DA:65,1
DA:66,1
DA:74,1
DA:75,1
DA:80,2
DA:81,2
DA:89,1
DA:90,1
DA:91,1
DA:92,1
DA:93,1
DA:96,1
DA:97,1
DA:98,1
DA:100,1
DA:101,1
DA:102,1
DA:107,1
DA:108,1
DA:110,1
DA:111,1
DA:113,1
DA:114,1
DA:115,0
DA:116,0
DA:117,0
DA:119,0
DA:124,1
DA:125,1
DA:130,0
DA:131,0
DA:132,0
DA:133,0
DA:135,0
DA:138,1
DA:142,1
LF:62
LH:50
BRDA:39,0,0,0
BRDA:39,0,1,1
BRDA:39,1,0,1
BRDA:39,1,1,1
BRDA:39,1,2,1
BRDA:57,2,0,0
BRDA:57,2,1,0
BRDA:63,3,0,1
BRDA:63,3,1,0
BRDA:74,4,0,1
BRDA:74,4,1,0
BRDA:80,5,0,2
BRDA:80,5,1,0
BRDA:100,6,0,1
BRDA:100,6,1,0
BRDA:107,7,0,0
BRDA:107,7,1,1
BRDA:107,8,0,1
BRDA:107,8,1,1
BRDA:107,8,2,1
BRDA:111,9,0,0
BRDA:111,9,1,1
BRDA:114,10,0,0
BRDA:114,10,1,1
BRDA:115,11,0,0
BRDA:115,11,1,0
BRDA:124,12,0,1
BRDA:124,12,1,0
BRDA:131,13,0,0
BRDA:131,13,1,0
BRF:30
BRH:15
end_of_record
TN:
SF:src\components\VRMEngine.vue
FN:69,startAudioLipSync
FN:73,stopAudioLipSync
FN:83,onPointerMove
FN:91,startMouseLookAt
FN:95,(anonymous_5)
FN:104,stopMouseLookAt
FN:123,setExpression
FN:142,(anonymous_8)
FN:152,faceTrackingLoop
FN:169,toggleCamera
FN:192,captureFrameForAI
FN:196,(anonymous_12)
FN:205,(anonymous_13)
FN:236,(anonymous_14)
FN:266,(anonymous_15)
FN:266,(anonymous_16)
FN:275,(anonymous_17)
FN:322,(anonymous_18)
FN:344,(anonymous_19)
FN:348,(anonymous_20)
FN:353,(anonymous_21)
FN:358,(anonymous_22)
FNF:22
FNH:17
FNDA:1,startAudioLipSync
FNDA:2,stopAudioLipSync
FNDA:0,onPointerMove
FNDA:9,startMouseLookAt
FNDA:0,(anonymous_5)
FNDA:1,stopMouseLookAt
FNDA:1,setExpression
FNDA:1,(anonymous_8)
FNDA:2,faceTrackingLoop
FNDA:2,toggleCamera
FNDA:1,captureFrameForAI
FNDA:1,(anonymous_12)
FNDA:9,(anonymous_13)
FNDA:9,(anonymous_14)
FNDA:9,(anonymous_15)
FNDA:0,(anonymous_16)
FNDA:9,(anonymous_17)
FNDA:1,(anonymous_18)
FNDA:9,(anonymous_19)
FNDA:0,(anonymous_20)
FNDA:0,(anonymous_21)
FNDA:1,(anonymous_22)
DA:20,9
DA:21,9
DA:22,9
DA:23,9
DA:24,9
DA:26,9
DA:50,9
DA:58,9
DA:70,1
DA:74,2
DA:80,9
DA:81,9
DA:85,0
DA:86,0
DA:89,9
DA:92,9
DA:93,9
DA:95,9
DA:96,0
DA:98,0
DA:99,0
DA:100,0
DA:105,1
DA:106,1
DA:107,0
DA:108,0
DA:116,9
DA:117,9
DA:125,1
DA:126,0
DA:129,1
DA:130,1
DA:132,1
DA:135,1
DA:138,1
DA:141,1
DA:142,1
DA:143,1
DA:150,9
DA:153,2
DA:154,2
DA:156,2
DA:157,2
DA:160,1
DA:163,1
DA:170,2
DA:172,1
DA:173,1
DA:174,1
DA:175,1
DA:176,1
DA:177,1
DA:181,1
DA:182,1
DA:183,1
DA:184,1
DA:185,1
DA:193,1
DA:196,9
DA:197,1
DA:198,1
DA:199,1
DA:200,1
DA:202,0
DA:205,9
DA:206,9
DA:208,9
DA:209,0
DA:212,9
DA:213,1
DA:216,8
DA:217,1
DA:220,7
DA:221,0
DA:224,7
DA:225,0
DA:228,7
DA:229,0
DA:232,7
DA:233,7
DA:236,9
DA:237,9
DA:238,9
DA:240,9
DA:241,9
DA:246,9
DA:247,0
DA:249,9
DA:250,9
DA:251,9
DA:252,9
DA:257,0
DA:258,0
DA:260,0
DA:262,0
DA:266,9
DA:267,0
DA:268,0
DA:275,9
DA:276,9
DA:277,0
DA:278,0
DA:279,0
DA:282,9
DA:283,9
DA:290,9
DA:291,9
DA:292,9
DA:294,9
DA:295,9
DA:297,9
DA:298,9
DA:299,9
DA:300,9
DA:303,9
DA:308,9
DA:311,9
DA:314,9
DA:317,0
DA:318,0
DA:322,9
DA:323,1
DA:324,1
DA:326,1
DA:327,0
DA:328,0
DA:330,1
DA:331,0
DA:332,0
DA:335,1
DA:336,0
DA:337,0
DA:341,1
DA:344,9
DA:345,9
DA:348,9
DA:350,0
DA:353,9
DA:355,0
DA:358,9
DA:359,1
DA:365,9
DA:380,11
LF:143
LH:109
BRDA:92,0,0,0
BRDA:92,0,1,9
BRDA:96,1,0,0
BRDA:96,1,1,0
BRDA:106,2,0,0
BRDA:106,2,1,1
BRDA:125,3,0,0
BRDA:125,3,1,1
BRDA:130,4,0,0
BRDA:130,4,1,1
BRDA:135,5,0,0
BRDA:135,5,1,1
BRDA:141,6,0,0
BRDA:141,6,1,1
BRDA:153,7,0,0
BRDA:153,7,1,2
BRDA:157,8,0,1
BRDA:157,8,1,1
BRDA:170,9,0,1
BRDA:170,9,1,1
BRDA:175,10,0,1
BRDA:175,10,1,0
BRDA:181,11,0,0
BRDA:181,11,1,1
BRDA:198,12,0,0
BRDA:198,12,1,1
BRDA:199,13,0,1
BRDA:199,13,1,0
BRDA:202,14,0,0
BRDA:202,14,1,0
BRDA:206,15,0,9
BRDA:206,15,1,0
BRDA:206,15,2,0
BRDA:206,15,3,0
BRDA:208,16,0,0
BRDA:208,16,1,9
BRDA:212,17,0,1
BRDA:212,17,1,8
BRDA:212,18,0,9
BRDA:212,18,1,8
BRDA:216,19,0,1
BRDA:216,19,1,7
BRDA:220,20,0,0
BRDA:220,20,1,7
BRDA:224,21,0,0
BRDA:224,21,1,7
BRDA:228,22,0,0
BRDA:228,22,1,7
BRDA:246,23,0,0
BRDA:246,23,1,9
BRDA:257,24,0,0
BRDA:257,24,1,0
BRDA:267,25,0,0
BRDA:267,25,1,0
BRDA:276,26,0,0
BRDA:276,26,1,9
BRDA:291,27,0,0
BRDA:291,27,1,9
BRDA:292,28,0,0
BRDA:292,28,1,9
BRDA:317,29,0,0
BRDA:317,29,1,0
BRDA:326,30,0,0
BRDA:326,30,1,1
BRDA:330,31,0,0
BRDA:330,31,1,1
BRDA:335,32,0,0
BRDA:335,32,1,1
BRDA:401,33,0,1
BRDA:401,33,1,10
BRDA:403,34,0,1
BRDA:403,34,1,10
BRDA:407,35,0,1
BRDA:407,35,1,10
BRDA:410,36,0,1
BRDA:410,36,1,1
BRDA:413,37,0,0
BRDA:413,37,1,11
BRF:78
BRH:42
end_of_record
TN:
SF:src\components\dashboard\AISettings.vue
FN:21,(anonymous_1)
FN:47,(anonymous_2)
FN:55,(anonymous_3)
FN:62,(anonymous_4)
FN:95,(anonymous_5)
FN:95,(anonymous_6)
FN:111,(anonymous_7)
FN:134,(anonymous_8)
FN:137,(anonymous_9)
FN:140,(anonymous_10)
FN:161,(anonymous_14)
FN:169,(anonymous_15)
FN:184,(anonymous_16)
FN:193,(anonymous_17)
FN:198,(anonymous_18)
FN:206,(anonymous_19)
FN:216,(anonymous_20)
FN:223,(anonymous_21)
FN:224,(anonymous_22)
FN:232,(anonymous_23)
FN:233,(anonymous_24)
FN:260,(anonymous_25)
FN:273,(anonymous_26)
FN:282,(anonymous_27)
FNF:24
FNH:9
FNDA:1,(anonymous_1)
FNDA:2,(anonymous_2)
FNDA:0,(anonymous_3)
FNDA:0,(anonymous_4)
FNDA:1,(anonymous_5)
FNDA:1,(anonymous_6)
FNDA:1,(anonymous_7)
FNDA:1,(anonymous_8)
FNDA:0,(anonymous_9)
FNDA:1,(anonymous_10)
FNDA:1,(anonymous_14)
FNDA:1,(anonymous_15)
FNDA:0,(anonymous_16)
FNDA:0,(anonymous_17)
FNDA:0,(anonymous_18)
FNDA:0,(anonymous_19)
FNDA:0,(anonymous_20)
FNDA:0,(anonymous_21)
FNDA:0,(anonymous_22)
FNDA:0,(anonymous_23)
FNDA:0,(anonymous_24)
FNDA:0,(anonymous_25)
FNDA:0,(anonymous_26)
FNDA:0,(anonymous_27)
DA:16,1
DA:21,1
DA:24,1
DA:27,1
DA:28,1
DA:29,1
DA:30,1
DA:33,1
DA:34,1
DA:35,1
DA:38,1
DA:39,1
DA:40,1
DA:43,1
DA:44,1
DA:47,1
DA:48,2
DA:52,1
DA:53,1
DA:55,1
DA:56,0
DA:57,0
DA:58,0
DA:62,1
DA:63,0
DA:64,0
DA:65,0
DA:67,0
DA:68,0
DA:69,0
DA:70,0
DA:71,0
DA:72,0
DA:73,0
DA:75,0
DA:80,0
DA:81,0
DA:83,0
DA:88,0
DA:91,1
DA:92,1
DA:95,1
DA:96,1
DA:97,1
DA:98,1
DA:99,1
DA:100,1
DA:101,1
DA:102,1
DA:103,1
DA:104,1
DA:105,1
DA:106,1
DA:111,1
DA:112,1
DA:113,1
DA:115,1
DA:131,1
DA:134,1
DA:135,0
DA:136,0
DA:137,0
DA:140,1
DA:142,1
DA:143,0
DA:149,4
DA:150,2
DA:151,2
DA:152,2
DA:156,2
DA:157,2
DA:158,2
DA:161,1
DA:164,2
DA:165,2
DA:169,1
DA:172,2
DA:173,2
DA:180,2
DA:182,2
DA:184,0
DA:185,2
DA:188,2
DA:190,2
DA:193,0
DA:198,0
DA:204,2
DA:206,0
DA:212,2
DA:214,2
DA:216,0
DA:219,2
DA:220,2
DA:222,2
DA:223,0
DA:224,0
DA:226,2
DA:229,2
DA:231,2
DA:232,0
DA:233,0
DA:235,2
DA:250,2
DA:251,2
DA:253,2
DA:254,2
DA:256,2
DA:260,0
DA:268,2
DA:271,2
DA:273,0
DA:276,2
DA:278,2
DA:282,0
DA:288,2
DA:295,2
DA:296,2
DA:297,2
DA:303,2
DA:304,2
DA:307,2
DA:308,2
DA:311,2
DA:317,2
DA:318,2
DA:321,2
DA:322,2
DA:325,2
DA:331,2
DA:332,2
DA:335,2
DA:336,2
DA:339,2
DA:345,2
DA:346,2
DA:349,2
DA:350,2
DA:353,2
DA:366,2
LF:139
LH:105
BRDA:57,0,0,0
BRDA:57,0,1,0
BRDA:65,1,0,0
BRDA:65,1,1,0
BRDA:68,2,0,0
BRDA:68,2,1,0
BRDA:70,3,0,0
BRDA:70,3,1,0
BRDA:72,4,0,0
BRDA:72,4,1,0
BRDA:80,5,0,0
BRDA:80,5,1,0
BRDA:96,6,0,1
BRDA:96,6,1,0
BRDA:96,7,0,1
BRDA:96,7,1,1
BRDA:97,8,0,1
BRDA:97,8,1,0
BRDA:98,9,0,1
BRDA:98,9,1,1
BRDA:99,10,0,1
BRDA:99,10,1,1
BRDA:100,11,0,1
BRDA:100,11,1,1
BRDA:101,12,0,1
BRDA:101,12,1,1
BRDA:102,13,0,1
BRDA:102,13,1,0
BRDA:103,14,0,1
BRDA:103,14,1,1
BRDA:104,15,0,1
BRDA:104,15,1,0
BRDA:105,16,0,1
BRDA:105,16,1,0
BRDA:106,17,0,1
BRDA:106,17,1,1
BRDA:142,18,0,0
BRDA:142,18,1,1
BRDA:142,19,0,1
BRDA:142,19,1,1
BRDA:161,20,0,4
BRDA:161,20,1,1
BRDA:163,21,0,4
BRDA:163,21,1,1
BRDA:169,22,0,4
BRDA:169,22,1,1
BRDA:171,23,0,4
BRDA:171,23,1,1
BRDA:179,24,0,1
BRDA:183,25,0,1
BRDA:183,25,1,1
BRDA:184,26,0,1
BRDA:184,26,1,1
BRDA:202,27,0,1
BRDA:202,27,1,1
BRDA:193,28,0,1
BRDA:193,28,1,1
BRDA:194,29,0,0
BRDA:194,29,1,1
BRDA:198,30,0,1
BRDA:198,30,1,1
BRDA:199,31,0,0
BRDA:199,31,1,1
BRDA:207,32,0,1
BRDA:207,32,1,1
BRDA:206,33,0,1
BRDA:206,33,1,1
BRDA:211,34,0,3
BRDA:216,35,0,3
BRDA:216,35,1,1
BRDA:221,36,0,3
BRDA:221,36,1,1
BRDA:223,37,0,3
BRDA:223,37,1,1
BRDA:224,38,0,3
BRDA:224,38,1,1
BRDA:230,39,0,3
BRDA:230,39,1,1
BRDA:232,40,0,3
BRDA:232,40,1,1
BRDA:233,41,0,3
BRDA:233,41,1,1
BRDA:260,42,0,4
BRDA:260,42,1,1
BRDA:273,43,0,4
BRDA:273,43,1,1
BRDA:282,44,0,4
BRDA:282,44,1,1
BRDA:298,45,0,0
BRDA:298,45,1,4
BRDA:310,46,0,4
BRDA:310,46,1,1
BRDA:312,47,0,0
BRDA:312,47,1,4
BRDA:324,48,0,4
BRDA:324,48,1,1
BRDA:326,49,0,0
BRDA:326,49,1,4
BRDA:338,50,0,4
BRDA:338,50,1,1
BRDA:340,51,0,0
BRDA:340,51,1,4
BRDA:352,52,0,4
BRDA:352,52,1,1
BRDA:354,53,0,0
BRDA:354,53,1,4
BRDA:360,54,0,0
BRDA:360,54,1,4
BRDA:368,55,0,1
BRDA:368,55,1,3
BRDA:370,56,0,0
BRDA:370,56,1,4
BRF:112
BRH:85
end_of_record
TN:
SF:src\components\dashboard\ApiManagementView.vue
FN:73,(anonymous_1)
FN:78,(anonymous_2)
FN:87,(anonymous_3)
FN:135,(anonymous_4)
FN:139,(anonymous_5)
FN:195,(anonymous_6)
FN:201,(anonymous_7)
FN:206,(anonymous_8)
FN:230,(anonymous_12)
FN:240,(anonymous_13)
FN:245,(anonymous_14)
FN:246,(anonymous_15)
FN:251,(anonymous_16)
FN:259,(anonymous_17)
FN:269,(anonymous_18)
FN:277,(anonymous_19)
FN:288,(anonymous_20)
FN:289,(anonymous_21)
FN:298,(anonymous_22)
FN:309,(anonymous_23)
FN:310,(anonymous_24)
FN:327,(anonymous_25)
FN:338,(anonymous_26)
FN:339,(anonymous_27)
FN:344,(anonymous_28)
FN:353,(anonymous_29)
FN:364,(anonymous_30)
FN:365,(anonymous_31)
FN:371,(anonymous_32)
FN:376,(anonymous_33)
FN:377,(anonymous_34)
FN:383,(anonymous_35)
FN:391,(anonymous_36)
FN:402,(anonymous_37)
FN:406,(anonymous_38)
FN:412,(anonymous_39)
FN:417,(anonymous_40)
FN:418,(anonymous_41)
FN:429,(anonymous_42)
FN:439,(anonymous_43)
FNF:40
FNH:6
FNDA:19,(anonymous_1)
FNDA:21,(anonymous_2)
FNDA:1,(anonymous_3)
FNDA:1,(anonymous_4)
FNDA:1,(anonymous_5)
FNDA:1,(anonymous_6)
FNDA:0,(anonymous_7)
FNDA:0,(anonymous_8)
FNDA:0,(anonymous_12)
FNDA:0,(anonymous_13)
FNDA:0,(anonymous_14)
FNDA:0,(anonymous_15)
FNDA:0,(anonymous_16)
FNDA:0,(anonymous_17)
FNDA:0,(anonymous_18)
FNDA:0,(anonymous_19)
FNDA:0,(anonymous_20)
FNDA:0,(anonymous_21)
FNDA:0,(anonymous_22)
FNDA:0,(anonymous_23)
FNDA:0,(anonymous_24)
FNDA:0,(anonymous_25)
FNDA:0,(anonymous_26)
FNDA:0,(anonymous_27)
FNDA:0,(anonymous_28)
FNDA:0,(anonymous_29)
FNDA:0,(anonymous_30)
FNDA:0,(anonymous_31)
FNDA:0,(anonymous_32)
FNDA:0,(anonymous_33)
FNDA:0,(anonymous_34)
FNDA:0,(anonymous_35)
FNDA:0,(anonymous_36)
FNDA:0,(anonymous_37)
FNDA:0,(anonymous_38)
FNDA:0,(anonymous_39)
FNDA:0,(anonymous_40)
FNDA:0,(anonymous_41)
FNDA:0,(anonymous_42)
FNDA:0,(anonymous_43)
DA:12,1
DA:17,1
DA:18,1
DA:19,1
DA:23,1
DA:24,1
DA:25,1
DA:26,1
DA:27,1
DA:28,1
DA:31,1
DA:32,1
DA:35,1
DA:36,1
DA:37,1
DA:40,1
DA:41,1
DA:42,1
DA:46,1
DA:47,1
DA:48,1
DA:49,1
DA:52,1
DA:53,1
DA:54,1
DA:55,1
DA:56,1
DA:57,1
DA:58,1
DA:61,1
DA:62,1
DA:63,1
DA:64,1
DA:65,1
DA:66,1
DA:69,1
DA:70,1
DA:73,1
DA:74,19
DA:75,19
DA:78,1
DA:79,21
DA:80,21
DA:81,19
DA:83,2
DA:87,1
DA:88,1
DA:89,1
DA:90,1
DA:93,1
DA:94,1
DA:95,1
DA:96,1
DA:97,1
DA:100,1
DA:101,1
DA:104,1
DA:105,1
DA:108,1
DA:109,1
DA:112,1
DA:113,1
DA:114,1
DA:117,1
DA:118,1
DA:119,1
DA:120,1
DA:121,1
DA:124,1
DA:125,1
DA:126,1
DA:127,1
DA:128,1
DA:131,1
DA:132,1
DA:135,1
DA:136,1
DA:139,1
DA:140,1
DA:141,1
DA:143,1
DA:146,1
DA:149,1
DA:150,1
DA:151,1
DA:152,1
DA:155,1
DA:158,1
DA:161,1
DA:164,1
DA:165,1
DA:166,1
DA:167,1
DA:168,1
DA:171,1
DA:172,1
DA:173,1
DA:174,1
DA:177,1
DA:178,1
DA:179,1
DA:180,1
DA:183,1
DA:186,1
DA:187,1
DA:188,1
DA:189,1
DA:192,1
DA:195,1
DA:196,1
DA:197,1
DA:198,1
DA:201,1
DA:202,0
DA:203,0
DA:206,1
DA:207,0
DA:212,3
DA:218,2
DA:220,2
DA:223,2
DA:225,2
DA:229,2
DA:230,0
DA:238,2
DA:240,0
DA:242,2
DA:244,2
DA:245,0
DA:246,0
DA:249,2
DA:251,0
DA:258,2
DA:259,0
DA:267,2
DA:269,0
DA:276,2
DA:277,0
DA:285,2
DA:287,2
DA:288,0
DA:289,0
DA:297,2
DA:298,0
DA:306,2
DA:308,2
DA:309,0
DA:310,0
DA:320,2
DA:322,2
DA:326,2
DA:327,0
DA:335,2
DA:337,2
DA:338,0
DA:339,0
DA:342,2
DA:344,0
DA:352,2
DA:353,0
DA:361,2
DA:363,2
DA:364,0
DA:365,0
DA:368,2
DA:369,2
DA:371,0
DA:373,2
DA:375,2
DA:376,0
DA:377,0
DA:381,2
DA:383,0
DA:390,2
DA:391,0
DA:399,2
DA:400,2
DA:402,0
DA:404,2
DA:406,0
DA:409,2
DA:410,2
DA:412,0
DA:414,2
DA:416,2
DA:417,0
DA:418,0
DA:428,2
DA:429,0
DA:437,2
DA:439,0
DA:451,2
LF:192
LH:157
BRDA:75,0,0,19
BRDA:75,0,1,0
BRDA:80,1,0,19
BRDA:80,1,1,2
BRDA:88,2,0,1
BRDA:88,2,1,0
BRDA:89,3,0,1
BRDA:89,3,1,0
BRDA:93,4,0,1
BRDA:93,4,1,0
BRDA:95,5,0,1
BRDA:95,5,1,1
BRDA:96,6,0,1
BRDA:96,6,1,1
BRDA:97,7,0,1
BRDA:97,7,1,1
BRDA:100,8,0,1
BRDA:100,8,1,1
BRDA:104,9,0,1
BRDA:104,9,1,1
BRDA:108,10,0,1
BRDA:108,10,1,1
BRDA:113,11,0,1
BRDA:113,11,1,1
BRDA:114,12,0,1
BRDA:114,12,1,1
BRDA:117,13,0,1
BRDA:117,13,1,1
BRDA:118,14,0,1
BRDA:118,14,1,1
BRDA:119,15,0,1
BRDA:119,15,1,1
BRDA:120,16,0,1
BRDA:120,16,1,1
BRDA:121,17,0,1
BRDA:121,17,1,0
BRDA:124,18,0,1
BRDA:124,18,1,1
BRDA:125,19,0,1
BRDA:125,19,1,1
BRDA:125,19,2,0
BRDA:126,20,0,1
BRDA:126,20,1,1
BRDA:127,21,0,1
BRDA:127,21,1,1
BRDA:131,22,0,1
BRDA:131,22,1,1
BRDA:149,23,0,1
BRDA:149,23,1,0
BRDA:150,24,0,1
BRDA:150,24,1,0
BRDA:151,25,0,1
BRDA:151,25,1,0
BRDA:152,26,0,1
BRDA:152,26,1,0
BRDA:155,27,0,1
BRDA:155,27,1,0
BRDA:158,28,0,1
BRDA:158,28,1,0
BRDA:161,29,0,1
BRDA:161,29,1,0
BRDA:164,30,0,1
BRDA:164,30,1,0
BRDA:165,31,0,1
BRDA:165,31,1,0
BRDA:166,32,0,1
BRDA:166,32,1,0
BRDA:167,33,0,1
BRDA:167,33,1,0
BRDA:168,34,0,1
BRDA:168,34,1,0
BRDA:171,35,0,1
BRDA:171,35,1,0
BRDA:172,36,0,1
BRDA:172,36,1,0
BRDA:173,37,0,1
BRDA:173,37,1,0
BRDA:174,38,0,1
BRDA:174,38,1,0
BRDA:177,39,0,1
BRDA:177,39,1,0
BRDA:178,40,0,1
BRDA:178,40,1,0
BRDA:179,41,0,1
BRDA:179,41,1,0
BRDA:180,42,0,1
BRDA:180,42,1,0
BRDA:183,43,0,1
BRDA:183,43,1,0
BRDA:196,44,0,0
BRDA:196,44,1,1
BRDA:456,45,0,3
BRDA:456,45,1,1
BRDA:317,46,0,3
BRDA:317,46,1,1
BRDA:230,47,0,3
BRDA:230,47,1,1
BRDA:230,48,0,3
BRDA:230,48,1,1
BRDA:237,49,0,2
BRDA:241,50,0,2
BRDA:241,50,1,1
BRDA:240,51,0,2
BRDA:240,51,1,1
BRDA:248,52,0,2
BRDA:248,52,1,1
BRDA:245,53,0,2
BRDA:245,53,1,1
BRDA:245,54,0,0
BRDA:245,54,1,2
BRDA:246,55,0,2
BRDA:246,55,1,1
BRDA:246,56,0,0
BRDA:246,56,1,2
BRDA:252,57,0,2
BRDA:252,57,1,1
BRDA:251,58,0,2
BRDA:251,58,1,1
BRDA:259,59,0,3
BRDA:259,59,1,1
BRDA:259,60,0,3
BRDA:259,60,1,1
BRDA:266,61,0,2
BRDA:266,61,1,1
BRDA:270,62,0,2
BRDA:270,62,1,1
BRDA:269,63,0,2
BRDA:269,63,1,1
BRDA:277,64,0,3
BRDA:277,64,1,1
BRDA:277,65,0,3
BRDA:277,65,1,1
BRDA:284,66,0,2
BRDA:284,66,1,1
BRDA:291,67,0,2
BRDA:291,67,1,1
BRDA:288,68,0,2
BRDA:288,68,1,1
BRDA:288,69,0,0
BRDA:288,69,1,2
BRDA:289,70,0,2
BRDA:289,70,1,1
BRDA:289,71,0,0
BRDA:289,71,1,2
BRDA:298,72,0,3
BRDA:298,72,1,1
BRDA:298,73,0,3
BRDA:298,73,1,1
BRDA:305,74,0,2
BRDA:305,74,1,1
BRDA:312,75,0,2
BRDA:312,75,1,1
BRDA:309,76,0,2
BRDA:309,76,1,1
BRDA:309,77,0,0
BRDA:309,77,1,2
BRDA:310,78,0,2
BRDA:310,78,1,1
BRDA:310,79,0,0
BRDA:310,79,1,2
BRDA:446,80,0,3
BRDA:446,80,1,1
BRDA:327,81,0,3
BRDA:327,81,1,1
BRDA:327,82,0,3
BRDA:327,82,1,1
BRDA:334,83,0,2
BRDA:341,84,0,2
BRDA:341,84,1,1
BRDA:338,85,0,2
BRDA:338,85,1,1
BRDA:338,86,0,0
BRDA:338,86,1,2
BRDA:339,87,0,2
BRDA:339,87,1,1
BRDA:339,88,0,0
BRDA:339,88,1,2
BRDA:343,89,0,2
BRDA:343,89,1,1
BRDA:344,90,0,2
BRDA:344,90,1,1
BRDA:345,91,0,2
BRDA:345,91,1,1
BRDA:353,92,0,3
BRDA:353,92,1,1
BRDA:353,93,0,3
BRDA:353,93,1,1
BRDA:360,94,0,2
BRDA:367,95,0,2
BRDA:367,95,1,1
BRDA:364,96,0,2
BRDA:364,96,1,1
BRDA:364,97,0,0
BRDA:364,97,1,2
BRDA:365,98,0,2
BRDA:365,98,1,1
BRDA:365,99,0,0
BRDA:365,99,1,2
BRDA:372,100,0,2
BRDA:372,100,1,1
BRDA:371,101,0,2
BRDA:371,101,1,1
BRDA:379,102,0,2
BRDA:379,102,1,1
BRDA:376,103,0,2
BRDA:376,103,1,1
BRDA:376,104,0,0
BRDA:376,104,1,2
BRDA:377,105,0,2
BRDA:377,105,1,1
BRDA:377,106,0,0
BRDA:377,106,1,2
BRDA:384,107,0,2
BRDA:384,107,1,1
BRDA:383,108,0,2
BRDA:383,108,1,1
BRDA:391,109,0,3
BRDA:391,109,1,1
BRDA:391,110,0,3
BRDA:391,110,1,1
BRDA:398,111,0,2
BRDA:403,112,0,2
BRDA:403,112,1,1
BRDA:402,113,0,2
BRDA:402,113,1,1
BRDA:407,114,0,2
BRDA:407,114,1,1
BRDA:406,115,0,2
BRDA:406,115,1,1
BRDA:413,116,0,2
BRDA:413,116,1,1
BRDA:412,117,0,2
BRDA:412,117,1,1
BRDA:420,118,0,2
BRDA:420,118,1,1
BRDA:417,119,0,2
BRDA:417,119,1,1
BRDA:417,120,0,0
BRDA:417,120,1,2
BRDA:418,121,0,2
BRDA:418,121,1,1
BRDA:418,122,0,0
BRDA:418,122,1,2
BRDA:422,123,0,2
BRDA:422,123,1,1
BRDA:429,124,0,3
BRDA:429,124,1,1
BRDA:429,125,0,3
BRDA:429,125,1,1
BRDA:436,126,0,2
BRDA:440,127,0,2
BRDA:440,127,1,1
BRDA:439,128,0,2
BRDA:439,128,1,1
BRDA:439,129,0,2
BRDA:439,129,1,1
BRDA:452,130,0,3
BRDA:452,130,1,3
BRDA:452,131,0,0
BRDA:452,131,1,3
BRDA:453,132,0,1
BRDA:453,132,1,2
BRDA:453,133,0,0
BRDA:453,133,1,1
BRF:264
BRH:220
end_of_record
TN:
SF:src\components\dashboard\AvatarGallery.vue
FN:33,(anonymous_1)
FN:34,(anonymous_2)
FN:43,(anonymous_3)
FN:48,(anonymous_4)
FN:68,(anonymous_5)
FN:79,(anonymous_6)
FN:85,(anonymous_7)
FN:88,(anonymous_8)
FN:92,(anonymous_9)
FN:96,(anonymous_10)
FN:97,(anonymous_11)
FN:98,(anonymous_12)
FN:102,(anonymous_13)
FN:118,(anonymous_14)
FN:133,(anonymous_15)
FN:148,(anonymous_16)
FN:159,(anonymous_17)
FN:170,(anonymous_18)
FN:170,(anonymous_19)
FN:171,(anonymous_20)
FN:171,(anonymous_21)
FN:172,(anonymous_22)
FN:172,(anonymous_23)
FN:175,(anonymous_24)
FN:180,(anonymous_25)
FN:185,(anonymous_26)
FN:191,(anonymous_27)
FN:192,(anonymous_28)
FN:210,(anonymous_30)
FN:213,(anonymous_31)
FN:250,(anonymous_32)
FN:278,(anonymous_33)
FN:288,(anonymous_34)
FNF:33
FNH:11
FNDA:0,(anonymous_1)
FNDA:0,(anonymous_2)
FNDA:0,(anonymous_3)
FNDA:0,(anonymous_4)
FNDA:0,(anonymous_5)
FNDA:1,(anonymous_6)
FNDA:0,(anonymous_7)
FNDA:3,(anonymous_8)
FNDA:1,(anonymous_9)
FNDA:0,(anonymous_10)
FNDA:0,(anonymous_11)
FNDA:0,(anonymous_12)
FNDA:1,(anonymous_13)
FNDA:1,(anonymous_14)
FNDA:0,(anonymous_15)
FNDA:0,(anonymous_16)
FNDA:0,(anonymous_17)
FNDA:1,(anonymous_18)
FNDA:0,(anonymous_19)
FNDA:1,(anonymous_20)
FNDA:0,(anonymous_21)
FNDA:1,(anonymous_22)
FNDA:0,(anonymous_23)
FNDA:0,(anonymous_24)
FNDA:0,(anonymous_25)
FNDA:0,(anonymous_26)
FNDA:1,(anonymous_27)
FNDA:0,(anonymous_28)
FNDA:9,(anonymous_30)
FNDA:1,(anonymous_31)
FNDA:0,(anonymous_32)
FNDA:0,(anonymous_33)
FNDA:0,(anonymous_34)
DA:20,1
DA:21,1
DA:23,1
DA:24,1
DA:25,1
DA:26,1
DA:27,1
DA:28,1
DA:29,1
DA:30,1
DA:33,1
DA:34,0
DA:43,1
DA:44,0
DA:45,0
DA:48,1
DA:49,0
DA:50,0
DA:52,0
DA:53,0
DA:55,0
DA:64,0
DA:68,0
DA:69,0
DA:72,0
DA:74,0
DA:75,0
DA:76,0
DA:79,1
DA:80,1
DA:81,1
DA:82,1
DA:83,1
DA:84,1
DA:85,1
DA:88,3
DA:92,1
DA:93,1
DA:96,1
DA:97,0
DA:98,0
DA:99,0
DA:102,1
DA:103,1
DA:105,1
DA:106,1
DA:107,1
DA:109,1
DA:114,1
DA:118,1
DA:119,1
DA:120,1
DA:123,1
DA:124,1
DA:125,1
DA:126,1
DA:128,1
DA:129,1
DA:130,1
DA:131,1
DA:133,1
DA:134,0
DA:135,0
DA:136,0
DA:137,0
DA:141,0
DA:142,0
DA:143,0
DA:144,0
DA:148,1
DA:149,0
DA:150,0
DA:151,0
DA:153,0
DA:155,0
DA:156,0
DA:157,0
DA:158,0
DA:159,0
DA:160,0
DA:161,0
DA:164,0
DA:165,0
DA:166,0
DA:170,1
DA:171,1
DA:172,1
DA:175,1
DA:176,0
DA:180,1
DA:181,0
DA:185,1
DA:186,0
DA:187,0
DA:188,0
DA:191,1
DA:192,1
DA:196,3
DA:197,2
DA:198,2
DA:199,2
DA:203,2
DA:204,2
DA:205,2
DA:206,2
DA:208,2
DA:209,9
DA:213,1
DA:229,2
DA:244,2
DA:248,2
DA:249,0
DA:255,2
DA:256,2
DA:267,2
DA:268,2
DA:269,2
DA:270,2
DA:274,2
DA:278,0
DA:288,0
DA:311,2
DA:318,2
LF:123
LH:75
BRDA:35,0,0,0
BRDA:35,0,1,0
BRDA:35,0,2,0
BRDA:36,1,0,0
BRDA:36,1,1,0
BRDA:37,2,0,0
BRDA:37,2,1,0
BRDA:40,3,0,0
BRDA:40,3,1,0
BRDA:40,4,0,0
BRDA:40,4,1,0
BRDA:45,5,0,0
BRDA:45,5,1,0
BRDA:50,6,0,0
BRDA:50,6,1,0
BRDA:52,7,0,0
BRDA:52,7,1,0
BRDA:64,8,0,0
BRDA:64,8,1,0
BRDA:68,9,0,0
BRDA:68,9,1,0
BRDA:75,10,0,0
BRDA:75,10,1,0
BRDA:76,11,0,0
BRDA:76,11,1,0
BRDA:88,12,0,1
BRDA:88,12,1,2
BRDA:105,13,0,0
BRDA:105,13,1,1
BRDA:106,14,0,1
BRDA:106,14,1,0
BRDA:126,15,0,0
BRDA:126,15,1,1
BRDA:141,16,0,0
BRDA:141,16,1,0
BRDA:149,17,0,0
BRDA:149,17,1,0
BRDA:153,18,0,0
BRDA:153,18,1,0
BRDA:164,19,0,0
BRDA:164,19,1,0
BRDA:186,20,0,0
BRDA:186,20,1,0
BRDA:187,21,0,0
BRDA:187,21,1,0
BRDA:206,22,0,1
BRDA:206,22,1,2
BRDA:212,23,0,3
BRDA:212,23,1,6
BRDA:215,24,0,3
BRDA:215,24,1,6
BRDA:215,25,0,3
BRDA:215,25,1,3
BRDA:218,26,0,1
BRDA:218,26,1,2
BRDA:227,27,0,2
BRDA:227,27,1,1
BRDA:233,28,0,0
BRDA:233,28,1,3
BRDA:236,29,0,0
BRDA:236,29,1,3
BRDA:242,30,0,0
BRDA:242,30,1,3
BRDA:245,31,0,0
BRDA:245,31,1,0
BRDA:244,32,0,0
BRDA:244,32,1,0
BRDA:257,33,0,0
BRDA:257,33,1,0
BRDA:257,34,0,0
BRDA:257,34,1,0
BRDA:259,35,0,0
BRDA:259,35,1,0
BRDA:261,36,0,0
BRDA:261,36,1,0
BRDA:262,37,0,0
BRDA:262,37,1,0
BRDA:293,38,0,0
BRDA:293,38,1,0
BRDA:283,39,0,0
BRDA:283,39,1,0
BRDA:283,40,0,0
BRDA:283,40,1,0
BRDA:283,40,2,0
BRDA:305,41,0,1
BRDA:308,42,0,1
BRDA:308,42,1,1
BRF:87
BRH:23
end_of_record
TN:
SF:src\components\dashboard\MemoryViewer.vue
FN:29,(anonymous_1)
FN:33,(anonymous_2)
FN:41,(anonymous_3)
FN:45,(anonymous_4)
FN:55,(anonymous_5)
FN:57,(anonymous_6)
FN:60,(anonymous_7)
FN:67,(anonymous_8)
FN:77,(anonymous_9)
FN:82,(anonymous_10)
FN:87,(anonymous_11)
FN:95,(anonymous_12)
FN:97,(anonymous_13)
FN:100,(anonymous_14)
FN:113,(anonymous_15)
FN:115,(anonymous_16)
FN:118,(anonymous_17)
FN:127,(anonymous_18)
FN:129,(anonymous_19)
FN:132,(anonymous_20)
FN:138,(anonymous_21)
FN:143,(anonymous_22)
FN:151,(anonymous_23)
FN:155,(anonymous_24)
FN:159,(anonymous_25)
FN:164,(anonymous_26)
FN:166,(anonymous_27)
FN:171,(anonymous_28)
FN:207,(anonymous_30)
FN:214,(anonymous_31)
FN:221,(anonymous_32)
FN:228,(anonymous_33)
FN:235,(anonymous_34)
FN:249,(anonymous_35)
FN:256,(anonymous_36)
FN:263,(anonymous_37)
FN:270,(anonymous_38)
FN:277,(anonymous_39)
FN:293,(anonymous_40)
FN:307,(anonymous_41)
FN:348,(anonymous_42)
FN:362,(anonymous_43)
FN:370,(anonymous_44)
FN:422,(anonymous_45)
FN:436,(anonymous_46)
FN:467,(anonymous_47)
FN:468,(anonymous_48)
FN:487,(anonymous_49)
FN:506,(anonymous_50)
FN:520,(anonymous_51)
FN:535,(anonymous_52)
FN:547,(anonymous_53)
FN:550,(anonymous_54)
FNF:53
FNH:11
FNDA:0,(anonymous_1)
FNDA:0,(anonymous_2)
FNDA:0,(anonymous_3)
FNDA:0,(anonymous_4)
FNDA:1,(anonymous_5)
FNDA:1,(anonymous_6)
FNDA:0,(anonymous_7)
FNDA:0,(anonymous_8)
FNDA:2,(anonymous_9)
FNDA:0,(anonymous_10)
FNDA:1,(anonymous_11)
FNDA:0,(anonymous_12)
FNDA:0,(anonymous_13)
FNDA:0,(anonymous_14)
FNDA:0,(anonymous_15)
FNDA:0,(anonymous_16)
FNDA:0,(anonymous_17)
FNDA:0,(anonymous_18)
FNDA:0,(anonymous_19)
FNDA:0,(anonymous_20)
FNDA:1,(anonymous_21)
FNDA:1,(anonymous_22)
FNDA:1,(anonymous_23)
FNDA:1,(anonymous_24)
FNDA:1,(anonymous_25)
FNDA:1,(anonymous_26)
FNDA:0,(anonymous_27)
FNDA:0,(anonymous_28)
FNDA:0,(anonymous_30)
FNDA:0,(anonymous_31)
FNDA:0,(anonymous_32)
FNDA:0,(anonymous_33)
FNDA:0,(anonymous_34)
FNDA:0,(anonymous_35)
FNDA:0,(anonymous_36)
FNDA:0,(anonymous_37)
FNDA:0,(anonymous_38)
FNDA:0,(anonymous_39)
FNDA:0,(anonymous_40)
FNDA:0,(anonymous_41)
FNDA:0,(anonymous_42)
FNDA:1,(anonymous_43)
FNDA:0,(anonymous_44)
FNDA:0,(anonymous_45)
FNDA:0,(anonymous_46)
FNDA:0,(anonymous_47)
FNDA:0,(anonymous_48)
FNDA:0,(anonymous_49)
FNDA:0,(anonymous_50)
FNDA:0,(anonymous_51)
FNDA:0,(anonymous_52)
FNDA:0,(anonymous_53)
FNDA:0,(anonymous_54)
DA:16,1
DA:17,1
DA:19,1
DA:22,1
DA:23,1
DA:24,1
DA:25,1
DA:27,1
DA:29,1
DA:30,0
DA:31,0
DA:32,0
DA:33,0
DA:34,0
DA:40,1
DA:41,1
DA:42,0
DA:43,0
DA:44,0
DA:45,0
DA:46,0
DA:47,0
DA:55,1
DA:56,1
DA:57,1
DA:58,1
DA:59,0
DA:60,0
DA:61,0
DA:67,1
DA:68,0
DA:72,0
DA:77,1
DA:78,2
DA:79,0
DA:82,1
DA:83,0
DA:84,0
DA:87,1
DA:88,1
DA:89,0
DA:95,1
DA:96,0
DA:97,0
DA:98,0
DA:99,0
DA:100,0
DA:101,0
DA:113,1
DA:114,0
DA:115,0
DA:116,0
DA:117,0
DA:118,0
DA:119,0
DA:127,1
DA:128,0
DA:129,0
DA:130,0
DA:131,0
DA:132,0
DA:133,0
DA:138,1
DA:139,1
DA:140,1
DA:143,1
DA:144,1
DA:145,1
DA:146,1
DA:147,1
DA:148,0
DA:151,1
DA:152,1
DA:153,1
DA:155,1
DA:156,1
DA:157,1
DA:159,1
DA:160,1
DA:161,1
DA:164,1
DA:166,1
DA:167,0
DA:168,0
DA:171,1
DA:172,0
DA:179,2
DA:181,2
DA:182,2
DA:184,2
DA:185,2
DA:192,2
DA:206,2
DA:207,0
DA:209,2
DA:214,0
DA:216,2
DA:221,0
DA:223,2
DA:228,0
DA:230,2
DA:235,0
DA:237,2
DA:245,2
DA:249,0
DA:256,0
DA:263,0
DA:270,0
DA:277,0
DA:289,2
DA:290,2
DA:293,0
DA:306,0
DA:312,2
DA:316,2
DA:318,2
DA:329,2
DA:330,2
DA:332,2
DA:334,2
DA:335,2
DA:344,2
DA:345,2
DA:348,0
DA:361,1
DA:366,2
DA:370,0
DA:375,2
DA:376,2
DA:377,2
DA:380,2
DA:382,2
DA:383,2
DA:385,2
DA:387,2
DA:399,2
DA:401,2
DA:405,2
DA:418,2
DA:419,2
DA:422,0
DA:435,0
DA:442,2
DA:443,2
DA:444,2
DA:445,2
DA:448,2
DA:449,2
DA:450,2
DA:453,2
DA:460,2
DA:461,2
DA:463,2
DA:464,2
DA:466,2
DA:467,0
DA:468,0
DA:475,2
DA:477,2
DA:486,2
DA:487,0
DA:502,2
DA:503,2
DA:506,0
DA:519,0
DA:524,2
DA:525,2
DA:526,2
DA:529,2
DA:530,2
DA:533,2
DA:534,2
DA:535,0
DA:538,2
DA:539,2
DA:540,2
DA:546,0
DA:550,0
LF:178
LH:112
BRDA:30,0,0,0
BRDA:30,0,1,0
BRDA:42,1,0,0
BRDA:42,1,1,0
BRDA:42,2,0,0
BRDA:42,2,1,0
BRDA:56,3,0,1
BRDA:56,3,1,0
BRDA:57,4,0,1
BRDA:57,4,1,1
BRDA:57,4,2,1
BRDA:58,5,0,1
BRDA:58,5,1,0
BRDA:61,6,0,0
BRDA:61,6,1,0
BRDA:61,6,2,0
BRDA:61,6,3,0
BRDA:61,7,0,0
BRDA:61,7,1,0
BRDA:62,8,0,0
BRDA:62,8,1,0
BRDA:68,9,0,0
BRDA:68,9,1,0
BRDA:68,10,0,0
BRDA:68,10,1,0
BRDA:78,11,0,2
BRDA:78,11,1,0
BRDA:78,12,0,2
BRDA:78,12,1,0
BRDA:83,13,0,0
BRDA:83,13,1,0
BRDA:84,14,0,0
BRDA:84,14,1,0
BRDA:88,15,0,1
BRDA:88,15,1,0
BRDA:89,16,0,0
BRDA:89,16,1,0
BRDA:96,17,0,0
BRDA:96,17,1,0
BRDA:97,18,0,0
BRDA:97,18,1,0
BRDA:97,18,2,0
BRDA:98,19,0,0
BRDA:98,19,1,0
BRDA:101,20,0,0
BRDA:101,20,1,0
BRDA:101,20,2,0
BRDA:101,20,3,0
BRDA:101,20,4,0
BRDA:101,20,5,0
BRDA:101,20,6,0
BRDA:101,20,7,0
BRDA:101,21,0,0
BRDA:101,21,1,0
BRDA:102,22,0,0
BRDA:102,22,1,0
BRDA:105,23,0,0
BRDA:105,23,1,0
BRDA:106,24,0,0
BRDA:106,24,1,0
BRDA:114,25,0,0
BRDA:114,25,1,0
BRDA:115,26,0,0
BRDA:115,26,1,0
BRDA:115,26,2,0
BRDA:116,27,0,0
BRDA:116,27,1,0
BRDA:119,28,0,0
BRDA:119,28,1,0
BRDA:119,28,2,0
BRDA:119,28,3,0
BRDA:119,29,0,0
BRDA:119,29,1,0
BRDA:120,30,0,0
BRDA:120,30,1,0
BRDA:121,31,0,0
BRDA:121,31,1,0
BRDA:122,32,0,0
BRDA:122,32,1,0
BRDA:128,33,0,0
BRDA:128,33,1,0
BRDA:129,34,0,0
BRDA:129,34,1,0
BRDA:130,35,0,0
BRDA:130,35,1,0
BRDA:133,36,0,0
BRDA:133,36,1,0
BRDA:133,37,0,0
BRDA:133,37,1,0
BRDA:134,38,0,0
BRDA:134,38,1,0
BRDA:140,39,0,1
BRDA:140,39,1,0
BRDA:144,40,0,1
BRDA:144,40,1,0
BRDA:145,41,0,0
BRDA:145,41,1,1
BRDA:147,42,0,1
BRDA:147,42,1,0
BRDA:153,43,0,1
BRDA:153,43,1,0
BRDA:157,44,0,1
BRDA:157,44,1,0
BRDA:161,45,0,1
BRDA:161,45,1,0
BRDA:184,46,0,0
BRDA:184,46,1,1
BRDA:186,47,0,0
BRDA:186,47,1,1
BRDA:194,48,0,0
BRDA:194,48,1,1
BRDA:195,49,0,0
BRDA:195,49,1,1
BRDA:198,50,0,0
BRDA:198,50,1,1
BRDA:199,51,0,0
BRDA:199,51,1,1
BRDA:207,52,0,1
BRDA:207,52,1,1
BRDA:208,53,0,1
BRDA:208,53,1,1
BRDA:211,54,0,0
BRDA:211,54,1,1
BRDA:214,55,0,1
BRDA:214,55,1,1
BRDA:215,56,0,1
BRDA:215,56,1,1
BRDA:218,57,0,0
BRDA:218,57,1,1
BRDA:221,58,0,1
BRDA:221,58,1,1
BRDA:222,59,0,1
BRDA:222,59,1,1
BRDA:225,60,0,0
BRDA:225,60,1,1
BRDA:228,61,0,1
BRDA:228,61,1,1
BRDA:229,62,0,1
BRDA:229,62,1,1
BRDA:232,63,0,0
BRDA:232,63,1,1
BRDA:235,64,0,1
BRDA:235,64,1,1
BRDA:236,65,0,1
BRDA:236,65,1,1
BRDA:239,66,0,0
BRDA:239,66,1,1
BRDA:249,67,0,1
BRDA:249,67,1,1
BRDA:251,68,0,0
BRDA:251,68,1,1
BRDA:256,69,0,1
BRDA:256,69,1,1
BRDA:258,70,0,0
BRDA:258,70,1,1
BRDA:263,71,0,1
BRDA:263,71,1,1
BRDA:265,72,0,0
BRDA:265,72,1,1
BRDA:270,73,0,1
BRDA:270,73,1,1
BRDA:272,74,0,0
BRDA:272,74,1,1
BRDA:277,75,0,1
BRDA:277,75,1,1
BRDA:279,76,0,0
BRDA:279,76,1,1
BRDA:288,77,0,0
BRDA:297,78,0,0
BRDA:297,78,1,0
BRDA:293,79,0,0
BRDA:293,79,1,0
BRDA:295,80,0,0
BRDA:295,80,1,0
BRDA:300,81,0,0
BRDA:300,81,1,0
BRDA:303,82,0,0
BRDA:303,82,1,0
BRDA:302,83,0,0
BRDA:302,83,1,0
BRDA:310,84,0,0
BRDA:310,84,1,0
BRDA:313,85,0,0
BRDA:313,85,1,0
BRDA:314,86,0,0
BRDA:314,86,1,0
BRDA:328,87,0,0
BRDA:328,87,1,1
BRDA:333,88,0,0
BRDA:333,88,1,0
BRDA:332,89,0,0
BRDA:332,89,1,0
BRDA:335,90,0,0
BRDA:335,90,1,0
BRDA:343,91,0,1
BRDA:352,92,0,1
BRDA:352,92,1,1
BRDA:348,93,0,1
BRDA:348,93,1,1
BRDA:350,94,0,0
BRDA:350,94,1,1
BRDA:355,95,0,0
BRDA:355,95,1,1
BRDA:358,96,0,0
BRDA:358,96,1,0
BRDA:357,97,0,0
BRDA:357,97,1,0
BRDA:367,98,0,1
BRDA:367,98,1,0
BRDA:368,99,0,1
BRDA:368,99,1,0
BRDA:368,100,0,0
BRDA:368,100,1,0
BRDA:370,101,0,0
BRDA:370,101,1,1
BRDA:384,102,0,0
BRDA:384,102,1,1
BRDA:390,103,0,0
BRDA:390,103,1,1
BRDA:390,104,0,0
BRDA:390,104,1,1
BRDA:400,105,0,0
BRDA:400,105,1,1
BRDA:401,106,0,1
BRDA:401,106,1,0
BRDA:417,107,0,0
BRDA:426,108,0,0
BRDA:426,108,1,0
BRDA:422,109,0,0
BRDA:422,109,1,0
BRDA:424,110,0,0
BRDA:424,110,1,0
BRDA:429,111,0,0
BRDA:429,111,1,0
BRDA:432,112,0,0
BRDA:432,112,1,0
BRDA:431,113,0,0
BRDA:431,113,1,0
BRDA:441,114,0,0
BRDA:441,114,1,0
BRDA:450,115,0,0
BRDA:450,115,1,0
BRDA:456,116,0,0
BRDA:456,116,1,0
BRDA:461,117,0,0
BRDA:461,117,1,0
BRDA:473,118,0,0
BRDA:473,118,1,0
BRDA:467,119,0,0
BRDA:467,119,1,0
BRDA:468,120,0,0
BRDA:468,120,1,0
BRDA:469,121,0,0
BRDA:469,121,1,0
BRDA:469,122,0,0
BRDA:469,122,1,0
BRDA:470,123,0,0
BRDA:470,123,1,0
BRDA:482,124,0,0
BRDA:482,124,1,0
BRDA:478,125,0,0
BRDA:478,125,1,0
BRDA:479,126,0,0
BRDA:479,126,1,0
BRDA:480,127,0,0
BRDA:480,127,1,0
BRDA:488,128,0,0
BRDA:488,128,1,0
BRDA:489,129,0,0
BRDA:489,129,1,0
BRDA:501,130,0,0
BRDA:510,131,0,0
BRDA:510,131,1,0
BRDA:506,132,0,0
BRDA:506,132,1,0
BRDA:508,133,0,0
BRDA:508,133,1,0
BRDA:513,134,0,0
BRDA:513,134,1,0
BRDA:516,135,0,0
BRDA:516,135,1,0
BRDA:515,136,0,0
BRDA:515,136,1,0
BRDA:539,137,0,0
BRDA:539,137,1,0
BRDA:544,138,0,0
BRDA:544,139,0,0
BRDA:544,139,1,0
BRDA:555,140,0,0
BRDA:555,140,1,0
BRDA:553,141,0,0
BRDA:553,141,1,0
BRF:292
BRH:77
end_of_record
TN:
SF:src\components\dashboard\OnboardingForm.vue
FN:25,normalizeLocale
FN:31,(anonymous_2)
FN:44,(anonymous_3)
FN:44,(anonymous_4)
FN:52,(anonymous_5)
FN:70,(anonymous_6)
FN:91,(anonymous_8)
FN:104,(anonymous_9)
FN:116,(anonymous_10)
FN:127,(anonymous_11)
FN:136,(anonymous_12)
FN:149,(anonymous_13)
FNF:12
FNH:8
FNDA:1,normalizeLocale
FNDA:1,(anonymous_2)
FNDA:2,(anonymous_3)
FNDA:1,(anonymous_4)
FNDA:1,(anonymous_5)
FNDA:0,(anonymous_6)
FNDA:1,(anonymous_8)
FNDA:1,(anonymous_9)
FNDA:1,(anonymous_10)
FNDA:0,(anonymous_11)
FNDA:0,(anonymous_12)
FNDA:0,(anonymous_13)
DA:6,1
DA:7,1
DA:9,1
DA:18,1
DA:19,1
DA:26,1
DA:27,1
DA:28,1
DA:31,1
DA:33,1
DA:34,1
DA:37,1
DA:38,1
DA:44,2
DA:45,1
DA:46,1
DA:47,0
DA:52,1
DA:53,1
DA:55,1
DA:56,0
DA:57,0
DA:59,1
DA:60,0
DA:61,0
DA:63,1
DA:64,0
DA:65,0
DA:68,1
DA:69,1
DA:70,1
DA:71,0
DA:77,5
DA:78,2
DA:79,2
DA:81,2
DA:82,2
DA:86,2
DA:87,2
DA:91,1
DA:98,2
DA:99,2
DA:100,2
DA:104,1
DA:111,2
DA:112,2
DA:116,1
DA:124,2
DA:125,2
DA:126,2
DA:127,0
DA:128,2
DA:129,2
DA:131,2
DA:134,2
DA:135,2
DA:136,0
DA:137,2
DA:138,2
DA:139,2
DA:144,2
DA:145,2
DA:149,0
LF:63
LH:52
BRDA:27,0,0,0
BRDA:27,0,1,1
BRDA:33,1,0,1
BRDA:33,1,1,0
BRDA:37,2,0,1
BRDA:37,2,1,0
BRDA:45,3,0,1
BRDA:45,3,1,0
BRDA:45,4,0,1
BRDA:45,4,1,1
BRDA:45,4,2,1
BRDA:46,5,0,0
BRDA:46,5,1,1
BRDA:46,6,0,1
BRDA:46,6,1,1
BRDA:55,7,0,0
BRDA:55,7,1,1
BRDA:59,8,0,0
BRDA:59,8,1,1
BRDA:63,9,0,0
BRDA:63,9,1,1
BRDA:80,10,0,5
BRDA:80,10,1,1
BRDA:87,11,0,5
BRDA:87,11,1,1
BRDA:91,12,0,5
BRDA:91,12,1,1
BRDA:100,13,0,5
BRDA:100,13,1,1
BRDA:104,14,0,5
BRDA:104,14,1,1
BRDA:112,15,0,5
BRDA:112,15,1,1
BRDA:116,16,0,5
BRDA:116,16,1,1
BRDA:127,17,0,5
BRDA:127,17,1,1
BRDA:136,18,0,5
BRDA:136,18,1,1
BRDA:149,19,0,5
BRDA:149,19,1,1
BRDA:156,20,0,0
BRDA:156,20,1,5
BRDA:161,21,0,1
BRDA:161,21,1,4
BRF:45
BRH:36
end_of_record
TN:
SF:src\components\dashboard\SettingsView.vue
FN:37,(anonymous_1)
FN:59,(anonymous_2)
FN:68,(anonymous_3)
FN:77,(anonymous_4)
FN:77,(anonymous_5)
FN:99,(anonymous_6)
FN:127,(anonymous_7)
FN:139,(anonymous_8)
FN:144,(anonymous_9)
FN:151,(anonymous_10)
FN:155,(anonymous_11)
FN:166,(anonymous_12)
FN:175,(anonymous_13)
FN:198,(anonymous_17)
FN:214,(anonymous_18)
FN:216,(anonymous_19)
FN:224,(anonymous_20)
FN:228,(anonymous_21)
FN:232,(anonymous_22)
FN:236,(anonymous_23)
FN:248,(anonymous_24)
FN:269,(anonymous_25)
FN:285,(anonymous_26)
FN:287,(anonymous_27)
FN:295,(anonymous_28)
FN:299,(anonymous_29)
FN:303,(anonymous_30)
FN:307,(anonymous_31)
FN:326,(anonymous_32)
FNF:29
FNH:4
FNDA:1,(anonymous_1)
FNDA:1,(anonymous_2)
FNDA:0,(anonymous_3)
FNDA:1,(anonymous_4)
FNDA:0,(anonymous_5)
FNDA:0,(anonymous_6)
FNDA:0,(anonymous_7)
FNDA:1,(anonymous_8)
FNDA:0,(anonymous_9)
FNDA:0,(anonymous_10)
FNDA:0,(anonymous_11)
FNDA:0,(anonymous_12)
FNDA:0,(anonymous_13)
FNDA:0,(anonymous_17)
FNDA:0,(anonymous_18)
FNDA:0,(anonymous_19)
FNDA:0,(anonymous_20)
FNDA:0,(anonymous_21)
FNDA:0,(anonymous_22)
FNDA:0,(anonymous_23)
FNDA:0,(anonymous_24)
FNDA:0,(anonymous_25)
FNDA:0,(anonymous_26)
FNDA:0,(anonymous_27)
FNDA:0,(anonymous_28)
FNDA:0,(anonymous_29)
FNDA:0,(anonymous_30)
FNDA:0,(anonymous_31)
FNDA:0,(anonymous_32)
DA:8,1
DA:10,1
DA:11,1
DA:12,1
DA:13,1
DA:14,1
DA:15,1
DA:16,1
DA:17,1
DA:18,1
DA:19,1
DA:21,1
DA:22,1
DA:23,1
DA:24,1
DA:25,1
DA:26,1
DA:27,1
DA:28,1
DA:30,1
DA:33,1
DA:34,1
DA:35,1
DA:37,1
DA:38,1
DA:39,1
DA:40,1
DA:41,1
DA:42,1
DA:43,1
DA:44,1
DA:45,1
DA:46,1
DA:48,1
DA:49,1
DA:50,1
DA:51,1
DA:52,1
DA:53,1
DA:54,1
DA:55,1
DA:59,1
DA:61,1
DA:62,0
DA:64,1
DA:67,1
DA:68,1
DA:70,0
DA:71,0
DA:72,0
DA:77,1
DA:78,0
DA:79,0
DA:80,0
DA:81,0
DA:82,0
DA:83,0
DA:84,0
DA:85,0
DA:86,0
DA:88,0
DA:89,0
DA:90,0
DA:91,0
DA:92,0
DA:93,0
DA:94,0
DA:95,0
DA:99,1
DA:100,0
DA:101,0
DA:102,0
DA:124,0
DA:125,0
DA:127,0
DA:128,0
DA:130,0
DA:132,0
DA:134,0
DA:139,1
DA:140,1
DA:141,1
DA:144,1
DA:145,0
DA:146,0
DA:147,0
DA:148,0
DA:150,0
DA:151,0
DA:155,1
DA:156,0
DA:157,0
DA:160,0
DA:163,0
DA:166,0
DA:167,0
DA:168,0
DA:169,0
DA:170,0
DA:171,0
DA:175,1
DA:176,0
DA:177,0
DA:182,2
DA:183,2
DA:184,2
DA:185,2
DA:188,2
DA:190,2
DA:191,2
DA:192,2
DA:198,0
DA:203,2
DA:204,2
DA:205,2
DA:212,2
DA:213,2
DA:214,0
DA:216,0
DA:220,2
DA:221,2
DA:222,2
DA:224,0
DA:228,0
DA:232,0
DA:236,0
DA:243,2
DA:248,0
DA:253,2
DA:260,2
DA:261,2
DA:263,2
DA:269,0
DA:274,2
DA:275,2
DA:276,2
DA:283,2
DA:284,2
DA:285,0
DA:287,0
DA:291,2
DA:292,2
DA:293,2
DA:295,0
DA:299,0
DA:303,0
DA:307,0
DA:317,2
DA:318,2
DA:320,2
DA:326,0
DA:331,2
DA:340,2
DA:341,2
DA:343,2
DA:344,2
DA:345,2
DA:361,2
DA:363,2
DA:364,2
LF:160
LH:95
BRDA:39,0,0,1
BRDA:39,0,1,0
BRDA:40,1,0,1
BRDA:40,1,1,0
BRDA:41,2,0,1
BRDA:41,2,1,0
BRDA:42,3,0,1
BRDA:42,3,1,0
BRDA:43,4,0,1
BRDA:43,4,1,0
BRDA:44,5,0,1
BRDA:44,5,1,0
BRDA:45,6,0,1
BRDA:45,6,1,0
BRDA:46,7,0,1
BRDA:46,7,1,0
BRDA:48,8,0,1
BRDA:48,8,1,0
BRDA:49,9,0,1
BRDA:49,9,1,0
BRDA:50,10,0,1
BRDA:50,10,1,0
BRDA:51,11,0,1
BRDA:51,11,1,0
BRDA:52,12,0,1
BRDA:52,12,1,0
BRDA:53,13,0,1
BRDA:53,13,1,0
BRDA:54,14,0,1
BRDA:54,14,1,0
BRDA:55,15,0,1
BRDA:55,15,1,0
BRDA:61,16,0,0
BRDA:61,16,1,1
BRDA:61,17,0,1
BRDA:61,17,1,1
BRDA:70,18,0,0
BRDA:70,18,1,0
BRDA:78,19,0,0
BRDA:78,19,1,0
BRDA:79,20,0,0
BRDA:79,20,1,0
BRDA:80,21,0,0
BRDA:80,21,1,0
BRDA:81,22,0,0
BRDA:81,22,1,0
BRDA:82,23,0,0
BRDA:82,23,1,0
BRDA:83,24,0,0
BRDA:83,24,1,0
BRDA:84,25,0,0
BRDA:84,25,1,0
BRDA:85,26,0,0
BRDA:85,26,1,0
BRDA:86,27,0,0
BRDA:86,27,1,0
BRDA:88,28,0,0
BRDA:88,28,1,0
BRDA:89,29,0,0
BRDA:89,29,1,0
BRDA:90,30,0,0
BRDA:90,30,1,0
BRDA:91,31,0,0
BRDA:91,31,1,0
BRDA:92,32,0,0
BRDA:92,32,1,0
BRDA:93,33,0,0
BRDA:93,33,1,0
BRDA:94,34,0,0
BRDA:94,34,1,0
BRDA:95,35,0,0
BRDA:95,35,1,0
BRDA:130,36,0,0
BRDA:130,36,1,0
BRDA:148,37,0,0
BRDA:148,37,1,0
BRDA:150,38,0,0
BRDA:150,38,1,0
BRDA:168,39,0,0
BRDA:168,39,1,0
BRDA:169,40,0,0
BRDA:169,40,1,0
BRDA:198,41,0,2
BRDA:198,41,1,1
BRDA:207,42,0,0
BRDA:207,42,1,2
BRDA:210,43,0,1
BRDA:214,44,0,1
BRDA:214,44,1,1
BRDA:215,45,0,1
BRDA:215,45,1,1
BRDA:216,46,0,1
BRDA:216,46,1,1
BRDA:224,47,0,1
BRDA:224,47,1,1
BRDA:224,48,0,1
BRDA:224,48,1,1
BRDA:228,49,0,1
BRDA:228,49,1,1
BRDA:228,50,0,1
BRDA:228,50,1,1
BRDA:232,51,0,1
BRDA:232,51,1,1
BRDA:232,52,0,1
BRDA:232,52,1,1
BRDA:236,53,0,1
BRDA:236,53,1,1
BRDA:236,54,0,1
BRDA:236,54,1,1
BRDA:248,55,0,1
BRDA:248,55,1,1
BRDA:269,56,0,2
BRDA:269,56,1,1
BRDA:278,57,0,0
BRDA:278,57,1,2
BRDA:281,58,0,1
BRDA:285,59,0,1
BRDA:285,59,1,1
BRDA:286,60,0,1
BRDA:286,60,1,1
BRDA:287,61,0,1
BRDA:287,61,1,1
BRDA:295,62,0,1
BRDA:295,62,1,1
BRDA:295,63,0,1
BRDA:295,63,1,1
BRDA:299,64,0,1
BRDA:299,64,1,1
BRDA:299,65,0,1
BRDA:299,65,1,1
BRDA:303,66,0,1
BRDA:303,66,1,1
BRDA:303,67,0,1
BRDA:303,67,1,1
BRDA:307,68,0,1
BRDA:307,68,1,1
BRDA:307,69,0,1
BRDA:307,69,1,1
BRDA:326,70,0,2
BRDA:326,70,1,1
BRDA:332,71,0,0
BRDA:332,71,1,2
BRDA:353,72,0,0
BRDA:353,72,1,2
BRDA:360,73,0,1
BRDA:362,74,0,1
BRDA:362,74,1,1
BRDA:367,75,0,0
BRDA:367,75,1,1
BRDA:370,76,0,0
BRDA:370,76,1,1
BRDA:374,77,0,1
BRDA:374,77,1,0
BRDA:377,78,0,0
BRDA:377,78,1,1
BRF:155
BRH:84
end_of_record
TN:
SF:src\components\dashboard\Sidebar.vue
FN:36,(anonymous_1)
FN:45,(anonymous_3)
FN:48,(anonymous_4)
FN:69,(anonymous_5)
FNF:4
FNH:3
FNDA:1,(anonymous_1)
FNDA:9,(anonymous_3)
FNDA:1,(anonymous_4)
FNDA:0,(anonymous_5)
DA:9,1
DA:13,1
DA:14,1
DA:22,1
DA:34,1
DA:36,1
DA:37,1
DA:42,2
DA:43,2
DA:44,9
DA:48,1
DA:51,2
DA:62,2
DA:66,2
DA:69,0
LF:15
LH:14
BRDA:52,0,0,1
BRDA:52,0,1,8
BRDA:52,1,0,1
BRDA:52,1,1,1
BRDA:53,2,0,1
BRDA:53,2,1,7
BRDA:53,3,0,1
BRDA:53,3,1,1
BRDA:54,4,0,1
BRDA:54,4,1,6
BRDA:54,5,0,1
BRDA:54,5,1,1
BRDA:55,6,0,1
BRDA:55,6,1,5
BRDA:55,7,0,1
BRDA:55,7,1,1
BRDA:56,8,0,1
BRDA:56,8,1,4
BRDA:56,9,0,1
BRDA:56,9,1,1
BRDA:57,10,0,1
BRDA:57,10,1,3
BRDA:57,11,0,1
BRDA:57,11,1,1
BRDA:58,12,0,1
BRDA:58,12,1,2
BRDA:58,13,0,1
BRDA:58,13,1,1
BRDA:59,14,0,1
BRDA:59,14,1,1
BRDA:59,15,0,1
BRDA:59,15,1,1
BRDA:60,16,0,1
BRDA:60,16,1,0
BRDA:60,17,0,1
BRDA:60,17,1,1
BRDA:69,18,0,1
BRDA:69,18,1,1
BRDA:72,19,0,1
BRDA:72,19,1,1
BRF:40
BRH:39
end_of_record
TN:
SF:src\components\dashboard\SkillsView.vue
FN:28,(anonymous_1)
FN:31,(anonymous_2)
FN:43,(anonymous_3)
FN:47,(anonymous_4)
FN:48,(anonymous_5)
FN:53,(anonymous_6)
FN:64,(anonymous_7)
FN:65,(anonymous_8)
FN:67,(anonymous_9)
FN:73,(anonymous_10)
FN:73,(anonymous_11)
FN:76,(anonymous_12)
FN:77,(anonymous_13)
FN:77,(anonymous_14)
FN:78,(anonymous_15)
FN:78,(anonymous_16)
FN:79,(anonymous_17)
FN:79,(anonymous_18)
FN:86,(anonymous_19)
FN:101,(anonymous_20)
FN:106,(anonymous_21)
FN:112,(anonymous_22)
FN:117,(anonymous_23)
FN:124,(anonymous_24)
FN:128,(anonymous_25)
FN:139,(anonymous_26)
FN:145,(anonymous_27)
FN:146,(anonymous_28)
FN:162,(anonymous_29)
FN:168,(anonymous_30)
FN:211,(anonymous_32)
FN:215,(anonymous_33)
FN:226,(anonymous_34)
FN:235,(anonymous_35)
FN:243,(anonymous_36)
FN:268,(anonymous_37)
FN:278,(anonymous_38)
FNF:37
FNH:18
FNDA:1,(anonymous_1)
FNDA:1,(anonymous_2)
FNDA:1,(anonymous_3)
FNDA:0,(anonymous_4)
FNDA:0,(anonymous_5)
FNDA:0,(anonymous_6)
FNDA:1,(anonymous_7)
FNDA:1,(anonymous_8)
FNDA:0,(anonymous_9)
FNDA:2,(anonymous_10)
FNDA:2,(anonymous_11)
FNDA:1,(anonymous_12)
FNDA:1,(anonymous_13)
FNDA:1,(anonymous_14)
FNDA:1,(anonymous_15)
FNDA:1,(anonymous_16)
FNDA:1,(anonymous_17)
FNDA:1,(anonymous_18)
FNDA:0,(anonymous_19)
FNDA:0,(anonymous_20)
FNDA:0,(anonymous_21)
FNDA:0,(anonymous_22)
FNDA:0,(anonymous_23)
FNDA:0,(anonymous_24)
FNDA:0,(anonymous_25)
FNDA:0,(anonymous_26)
FNDA:0,(anonymous_27)
FNDA:0,(anonymous_28)
FNDA:1,(anonymous_29)
FNDA:1,(anonymous_30)
FNDA:0,(anonymous_32)
FNDA:0,(anonymous_33)
FNDA:0,(anonymous_34)
FNDA:1,(anonymous_35)
FNDA:1,(anonymous_36)
FNDA:0,(anonymous_37)
FNDA:0,(anonymous_38)
DA:23,1
DA:24,1
DA:25,1
DA:26,1
DA:28,1
DA:29,1
DA:30,1
DA:31,1
DA:43,1
DA:44,1
DA:47,1
DA:48,1
DA:51,1
DA:52,0
DA:53,0
DA:54,0
DA:60,1
DA:64,1
DA:65,1
DA:67,1
DA:68,0
DA:69,0
DA:70,0
DA:73,2
DA:76,1
DA:77,1
DA:78,1
DA:79,1
DA:81,1
DA:82,1
DA:83,1
DA:84,1
DA:86,1
DA:87,0
DA:88,0
DA:94,0
DA:95,0
DA:96,0
DA:101,1
DA:102,0
DA:103,0
DA:106,1
DA:107,0
DA:108,0
DA:109,0
DA:112,1
DA:113,0
DA:114,0
DA:117,1
DA:118,0
DA:119,0
DA:120,0
DA:121,0
DA:124,1
DA:125,0
DA:126,0
DA:128,0
DA:129,0
DA:130,0
DA:131,0
DA:135,0
DA:139,1
DA:140,0
DA:141,0
DA:145,1
DA:146,1
DA:149,1
DA:162,1
DA:163,1
DA:164,1
DA:165,1
DA:168,1
DA:169,1
DA:181,1
DA:186,2
DA:188,2
DA:189,2
DA:191,2
DA:192,2
DA:194,2
DA:210,2
DA:211,0
DA:215,0
DA:223,2
DA:226,0
DA:234,2
DA:235,1
DA:236,2
DA:237,2
DA:239,2
DA:241,2
DA:242,1
DA:248,2
DA:249,2
DA:250,2
DA:251,2
DA:252,2
DA:257,2
DA:258,2
DA:259,2
DA:265,2
DA:268,0
DA:278,0
LF:103
LH:67
BRDA:29,0,0,0
BRDA:29,0,1,1
BRDA:30,1,0,1
BRDA:30,1,1,0
BRDA:33,2,0,1
BRDA:33,2,1,0
BRDA:33,2,2,0
BRDA:34,3,0,1
BRDA:34,3,1,1
BRDA:34,4,0,0
BRDA:34,4,1,1
BRDA:35,5,0,1
BRDA:35,5,1,1
BRDA:36,6,0,1
BRDA:36,6,1,0
BRDA:36,7,0,0
BRDA:36,7,1,0
BRDA:38,8,0,1
BRDA:38,8,1,1
BRDA:47,9,0,0
BRDA:47,9,1,1
BRDA:48,10,0,0
BRDA:48,10,1,1
BRDA:51,11,0,0
BRDA:51,11,1,1
BRDA:54,12,0,0
BRDA:54,12,1,0
BRDA:54,12,2,0
BRDA:68,13,0,0
BRDA:68,13,1,0
BRDA:69,14,0,0
BRDA:69,14,1,0
BRDA:87,15,0,0
BRDA:87,15,1,0
BRDA:87,16,0,0
BRDA:87,16,1,0
BRDA:95,17,0,0
BRDA:95,17,1,0
BRDA:125,18,0,0
BRDA:125,18,1,0
BRDA:129,19,0,0
BRDA:129,19,1,0
BRDA:163,20,0,0
BRDA:163,20,1,1
BRDA:164,21,0,0
BRDA:164,21,1,1
BRDA:181,22,0,1
BRDA:181,22,1,0
BRDA:196,23,0,0
BRDA:196,23,1,1
BRDA:197,24,0,0
BRDA:197,24,1,1
BRDA:211,25,0,1
BRDA:211,25,1,1
BRDA:211,26,0,0
BRDA:211,26,1,0
BRDA:212,27,0,1
BRDA:212,27,1,1
BRDA:215,28,0,1
BRDA:215,28,1,1
BRDA:215,29,0,0
BRDA:215,29,1,0
BRDA:216,30,0,1
BRDA:216,30,1,1
BRDA:219,31,0,0
BRDA:219,31,1,1
BRDA:222,32,0,0
BRDA:222,32,1,0
BRDA:230,33,0,1
BRDA:230,33,1,1
BRDA:226,34,0,1
BRDA:226,34,1,1
BRDA:237,35,0,1
BRDA:237,35,1,0
BRDA:253,36,0,0
BRDA:253,36,1,1
BRDA:256,37,0,0
BRDA:258,38,0,0
BRDA:258,38,1,0
BRDA:261,39,0,0
BRDA:261,39,1,0
BRDA:269,40,0,1
BRDA:269,40,1,1
BRDA:269,40,2,1
BRDA:272,41,0,0
BRDA:272,41,1,1
BRDA:272,42,0,1
BRDA:272,42,1,1
BRDA:279,43,0,1
BRDA:279,43,1,0
BRDA:287,44,0,0
BRDA:287,44,1,1
BRDA:290,45,0,0
BRDA:290,45,1,0
BRF:94
BRH:42
end_of_record
TN:
SF:src\components\dashboard\StatusBar.vue
FN:14,(anonymous_1)
FN:15,(anonymous_2)
FN:26,(anonymous_3)
FN:33,(anonymous_4)
FN:39,(anonymous_5)
FNF:5
FNH:5
FNDA:4,(anonymous_1)
FNDA:2,(anonymous_2)
FNDA:2,(anonymous_3)
FNDA:4,(anonymous_4)
FNDA:3,(anonymous_5)
DA:11,2
DA:12,2
DA:14,4
DA:15,2
DA:16,2
DA:17,2
DA:18,2
DA:20,0
DA:21,0
DA:22,0
DA:24,0
DA:26,2
DA:27,2
DA:28,2
DA:29,2
DA:30,2
DA:31,0
DA:33,2
DA:34,4
DA:35,3
DA:36,3
DA:39,2
DA:40,3
DA:41,3
DA:42,0
DA:43,0
DA:44,0
DA:49,3
DA:50,2
DA:52,2
DA:54,2
DA:63,2
DA:65,2
DA:69,2
DA:71,2
DA:73,2
DA:79,2
LF:37
LH:29
BRDA:14,0,0,3
BRDA:14,0,1,1
BRDA:17,1,0,2
BRDA:17,1,1,0
BRDA:17,2,0,2
BRDA:17,2,1,2
BRDA:21,3,0,0
BRDA:21,3,1,0
BRDA:22,4,0,0
BRDA:22,4,1,0
BRDA:29,5,0,2
BRDA:29,5,1,0
BRDA:30,6,0,2
BRDA:30,6,1,0
BRDA:31,7,0,0
BRDA:31,7,1,0
BRDA:31,8,0,0
BRDA:31,8,1,0
BRDA:34,9,0,1
BRDA:34,9,1,3
BRDA:36,10,0,3
BRDA:36,10,1,0
BRDA:36,11,0,3
BRDA:36,11,1,0
BRDA:36,12,0,3
BRDA:36,12,1,0
BRDA:41,13,0,3
BRDA:41,13,1,0
BRDA:42,14,0,0
BRDA:42,14,1,0
BRDA:43,15,0,0
BRDA:43,15,1,0
BRDA:53,16,0,2
BRDA:53,16,1,1
BRDA:55,17,0,2
BRDA:55,17,1,1
BRDA:60,18,0,3
BRDA:60,18,1,2
BRDA:66,19,0,3
BRDA:66,19,1,2
BRDA:74,20,0,3
BRDA:74,20,1,2
BRDA:76,21,0,3
BRDA:76,21,1,2
BRF:44
BRH:25
end_of_record
TN:
SF:src\components\dashboard\SystemView.vue
FN:16,(anonymous_1)
FN:17,(anonymous_2)
FN:18,(anonymous_3)
FN:26,(anonymous_4)
FN:49,card
FN:53,defaultCards
FN:67,(anonymous_7)
FN:68,(anonymous_8)
FN:69,(anonymous_9)
FN:79,(anonymous_10)
FN:85,(anonymous_11)
FN:89,(anonymous_12)
FN:93,(anonymous_13)
FN:94,(anonymous_14)
FN:102,(anonymous_15)
FN:105,(anonymous_16)
FN:110,(anonymous_17)
FN:113,(anonymous_18)
FN:118,(anonymous_19)
FN:121,(anonymous_20)
FN:126,(anonymous_21)
FN:133,(anonymous_22)
FN:141,(anonymous_23)
FN:141,(anonymous_24)
FN:142,(anonymous_25)
FN:143,(anonymous_26)
FN:148,badgeCls
FN:149,badgeTxt
FN:168,(anonymous_32)
FN:219,(anonymous_33)
FN:221,(anonymous_34)
FN:268,(anonymous_35)
FNF:32
FNH:19
FNDA:1,(anonymous_1)
FNDA:1,(anonymous_2)
FNDA:1,(anonymous_3)
FNDA:1,(anonymous_4)
FNDA:8,card
FNDA:0,defaultCards
FNDA:1,(anonymous_7)
FNDA:8,(anonymous_8)
FNDA:4,(anonymous_9)
FNDA:1,(anonymous_10)
FNDA:1,(anonymous_11)
FNDA:1,(anonymous_12)
FNDA:1,(anonymous_13)
FNDA:1,(anonymous_14)
FNDA:0,(anonymous_15)
FNDA:0,(anonymous_16)
FNDA:0,(anonymous_17)
FNDA:0,(anonymous_18)
FNDA:0,(anonymous_19)
FNDA:0,(anonymous_20)
FNDA:0,(anonymous_21)
FNDA:0,(anonymous_22)
FNDA:0,(anonymous_23)
FNDA:0,(anonymous_24)
FNDA:0,(anonymous_25)
FNDA:1,(anonymous_26)
FNDA:16,badgeCls
FNDA:16,badgeTxt
FNDA:16,(anonymous_32)
FNDA:16,(anonymous_33)
FNDA:16,(anonymous_34)
FNDA:0,(anonymous_35)
DA:13,1
DA:14,1
DA:15,1
DA:16,1
DA:17,1
DA:18,1
DA:26,1
DA:27,1
DA:28,1
DA:29,1
DA:30,1
DA:31,1
DA:50,8
DA:54,0
DA:67,1
DA:68,8
DA:69,4
DA:70,1
DA:71,1
DA:79,1
DA:80,1
DA:81,1
DA:82,0
DA:83,0
DA:85,1
DA:86,1
DA:87,1
DA:89,1
DA:90,1
DA:91,1
DA:93,1
DA:94,1
DA:97,1
DA:98,1
DA:99,1
DA:100,1
DA:102,1
DA:103,0
DA:104,0
DA:105,0
DA:106,0
DA:110,1
DA:111,0
DA:112,0
DA:113,0
DA:114,0
DA:118,1
DA:119,0
DA:120,0
DA:121,0
DA:122,0
DA:126,1
DA:127,0
DA:130,0
DA:131,0
DA:132,0
DA:133,0
DA:134,0
DA:140,1
DA:141,1
DA:142,1
DA:143,1
DA:144,1
DA:145,1
DA:146,1
DA:148,16
DA:149,16
DA:153,2
DA:154,2
DA:155,2
DA:156,2
DA:161,2
DA:162,2
DA:164,2
DA:166,2
DA:168,16
DA:170,2
DA:171,2
DA:172,2
DA:173,2
DA:174,2
DA:175,2
DA:181,2
DA:182,2
DA:185,2
DA:186,2
DA:187,2
DA:193,2
DA:194,2
DA:195,2
DA:201,2
DA:202,2
DA:203,2
DA:209,2
DA:210,2
DA:219,16
DA:220,2
DA:221,16
DA:223,2
DA:224,2
DA:225,2
DA:226,2
DA:229,2
DA:241,2
DA:242,2
DA:243,2
DA:244,2
DA:245,2
DA:246,2
DA:248,2
DA:249,2
DA:250,2
DA:251,2
DA:252,2
DA:254,2
DA:255,2
DA:256,2
DA:257,2
DA:258,2
DA:265,2
DA:268,0
DA:269,2
DA:270,2
LF:123
LH:101
BRDA:16,0,0,1
BRDA:16,0,1,0
BRDA:17,1,0,1
BRDA:17,1,1,1
BRDA:18,2,0,1
BRDA:18,2,1,1
BRDA:29,3,0,0
BRDA:29,3,1,1
BRDA:30,4,0,0
BRDA:30,4,1,1
BRDA:32,5,0,1
BRDA:32,5,1,1
BRDA:32,6,0,1
BRDA:32,6,1,1
BRDA:33,7,0,0
BRDA:33,7,1,1
BRDA:37,8,0,1
BRDA:37,8,1,0
BRDA:37,9,0,0
BRDA:37,9,1,0
BRDA:40,10,0,0
BRDA:40,10,1,1
BRDA:40,11,0,0
BRDA:40,11,1,0
BRDA:42,12,0,0
BRDA:42,12,1,1
BRDA:50,13,0,8
BRDA:50,13,1,0
BRDA:50,14,0,8
BRDA:50,14,1,2
BRDA:50,15,0,8
BRDA:50,15,1,6
BRDA:55,16,0,0
BRDA:55,16,1,0
BRDA:73,17,0,1
BRDA:73,17,1,0
BRDA:73,18,0,0
BRDA:73,18,1,0
BRDA:74,19,0,1
BRDA:74,19,1,0
BRDA:74,20,0,0
BRDA:74,20,1,0
BRDA:81,21,0,1
BRDA:81,21,1,0
BRDA:83,22,0,0
BRDA:83,22,1,0
BRDA:87,23,0,0
BRDA:87,23,1,1
BRDA:91,24,0,0
BRDA:91,24,1,1
BRDA:93,25,0,0
BRDA:93,25,1,1
BRDA:94,26,0,1
BRDA:94,26,1,1
BRDA:127,27,0,0
BRDA:127,27,1,0
BRDA:130,28,0,0
BRDA:130,28,1,0
BRDA:141,29,0,0
BRDA:141,29,1,0
BRDA:142,30,0,0
BRDA:142,30,1,0
BRDA:148,31,0,14
BRDA:148,31,1,2
BRDA:148,32,0,0
BRDA:148,32,1,2
BRDA:148,33,0,0
BRDA:148,33,1,2
BRDA:148,34,0,0
BRDA:148,34,1,2
BRDA:148,35,0,2
BRDA:148,35,1,0
BRDA:149,36,0,14
BRDA:149,36,1,2
BRDA:149,37,0,0
BRDA:149,37,1,2
BRDA:149,38,0,0
BRDA:149,38,1,2
BRDA:149,39,0,0
BRDA:149,39,1,2
BRDA:149,40,0,2
BRDA:149,40,1,0
BRDA:163,41,0,2
BRDA:163,41,1,1
BRDA:167,42,0,2
BRDA:167,42,1,0
BRDA:184,43,0,2
BRDA:184,43,1,1
BRDA:189,44,0,0
BRDA:189,44,1,2
BRDA:192,45,0,2
BRDA:192,45,1,1
BRDA:197,46,0,0
BRDA:197,46,1,2
BRDA:200,47,0,2
BRDA:200,47,1,1
BRDA:205,48,0,0
BRDA:205,48,1,2
BRDA:208,49,0,2
BRDA:208,49,1,1
BRDA:213,50,0,0
BRDA:213,50,1,2
BRDA:231,51,0,6
BRDA:231,51,1,10
BRDA:232,52,0,2
BRDA:232,52,1,14
BRDA:240,53,0,1
BRDA:243,54,0,1
BRDA:243,54,1,1
BRDA:244,55,0,1
BRDA:244,55,1,1
BRDA:245,56,0,1
BRDA:245,56,1,1
BRDA:246,57,0,1
BRDA:246,57,1,1
BRDA:249,58,0,1
BRDA:249,58,1,1
BRDA:250,59,0,1
BRDA:250,59,1,1
BRDA:250,60,0,1
BRDA:250,60,1,1
BRDA:252,61,0,1
BRDA:252,61,1,1
BRDA:255,62,0,1
BRDA:255,62,1,1
BRDA:256,63,0,1
BRDA:256,63,1,1
BRDA:257,64,0,0
BRDA:257,64,1,1
BRDA:257,65,0,0
BRDA:257,65,1,1
BRDA:273,66,0,2
BRDA:273,66,1,0
BRF:133
BRH:83
end_of_record
TN:
SF:src\components\dashboard\TaskManager.vue
FN:16,(anonymous_1)
FN:17,(anonymous_2)
FN:25,(anonymous_3)
FN:29,(anonymous_4)
FN:30,(anonymous_5)
FN:31,(anonymous_6)
FN:38,(anonymous_7)
FN:40,(anonymous_8)
FN:64,(anonymous_9)
FN:72,(anonymous_10)
FN:80,(anonymous_11)
FN:83,(anonymous_12)
FN:89,(anonymous_13)
FN:102,(anonymous_14)
FN:105,(anonymous_15)
FN:110,(anonymous_16)
FN:117,(anonymous_17)
FN:138,(anonymous_18)
FN:150,(anonymous_19)
FN:154,(anonymous_20)
FN:167,(anonymous_21)
FN:171,(anonymous_22)
FN:176,(anonymous_23)
FN:177,(anonymous_24)
FN:178,(anonymous_25)
FN:180,(anonymous_26)
FN:181,(anonymous_27)
FN:182,(anonymous_28)
FN:196,(anonymous_30)
FN:203,(anonymous_31)
FN:206,(anonymous_32)
FN:209,(anonymous_33)
FN:212,(anonymous_34)
FN:223,(anonymous_35)
FN:227,(anonymous_36)
FN:236,(anonymous_37)
FN:239,(anonymous_38)
FN:248,(anonymous_39)
FN:249,(anonymous_40)
FN:250,(anonymous_41)
FN:251,(anonymous_42)
FN:252,(anonymous_43)
FN:263,(anonymous_44)
FN:271,(anonymous_45)
FN:290,(anonymous_46)
FN:305,(anonymous_47)
FN:322,(anonymous_48)
FN:323,(anonymous_49)
FN:324,(anonymous_50)
FN:325,(anonymous_51)
FNF:50
FNH:12
FNDA:1,(anonymous_1)
FNDA:10,(anonymous_2)
FNDA:1,(anonymous_3)
FNDA:1,(anonymous_4)
FNDA:1,(anonymous_5)
FNDA:1,(anonymous_6)
FNDA:1,(anonymous_7)
FNDA:0,(anonymous_8)
FNDA:0,(anonymous_9)
FNDA:0,(anonymous_10)
FNDA:0,(anonymous_11)
FNDA:0,(anonymous_12)
FNDA:0,(anonymous_13)
FNDA:0,(anonymous_14)
FNDA:0,(anonymous_15)
FNDA:0,(anonymous_16)
FNDA:0,(anonymous_17)
FNDA:0,(anonymous_18)
FNDA:0,(anonymous_19)
FNDA:0,(anonymous_20)
FNDA:0,(anonymous_21)
FNDA:0,(anonymous_22)
FNDA:1,(anonymous_23)
FNDA:1,(anonymous_24)
FNDA:1,(anonymous_25)
FNDA:0,(anonymous_26)
FNDA:1,(anonymous_27)
FNDA:0,(anonymous_28)
FNDA:0,(anonymous_30)
FNDA:0,(anonymous_31)
FNDA:0,(anonymous_32)
FNDA:0,(anonymous_33)
FNDA:0,(anonymous_34)
FNDA:0,(anonymous_35)
FNDA:0,(anonymous_36)
FNDA:0,(anonymous_37)
FNDA:0,(anonymous_38)
FNDA:0,(anonymous_39)
FNDA:0,(anonymous_40)
FNDA:0,(anonymous_41)
FNDA:0,(anonymous_42)
FNDA:0,(anonymous_43)
FNDA:0,(anonymous_44)
FNDA:0,(anonymous_45)
FNDA:0,(anonymous_46)
FNDA:1,(anonymous_47)
FNDA:0,(anonymous_48)
FNDA:0,(anonymous_49)
FNDA:0,(anonymous_50)
FNDA:0,(anonymous_51)
DA:14,1
DA:15,1
DA:16,1
DA:17,1
DA:18,10
DA:19,10
DA:20,10
DA:21,10
DA:25,1
DA:26,1
DA:27,1
DA:29,1
DA:30,1
DA:31,1
DA:36,1
DA:38,1
DA:39,1
DA:40,0
DA:44,1
DA:45,1
DA:46,1
DA:47,1
DA:57,1
DA:58,1
DA:59,1
DA:60,1
DA:61,1
DA:64,1
DA:65,0
DA:66,0
DA:67,0
DA:68,0
DA:70,0
DA:72,0
DA:73,0
DA:74,0
DA:75,0
DA:80,0
DA:83,1
DA:84,0
DA:85,0
DA:89,1
DA:90,0
DA:92,0
DA:93,0
DA:95,0
DA:96,0
DA:98,0
DA:99,0
DA:100,0
DA:102,0
DA:105,1
DA:106,0
DA:107,0
DA:110,1
DA:111,0
DA:112,0
DA:117,1
DA:118,0
DA:120,0
DA:121,0
DA:123,0
DA:129,0
DA:130,0
DA:131,0
DA:132,0
DA:136,0
DA:137,0
DA:138,0
DA:140,0
DA:141,0
DA:142,0
DA:143,0
DA:144,0
DA:150,1
DA:151,0
DA:154,1
DA:157,0
DA:159,0
DA:160,0
DA:161,0
DA:163,0
DA:164,0
DA:167,1
DA:168,0
DA:171,1
DA:172,0
DA:173,0
DA:176,1
DA:177,1
DA:178,1
DA:180,1
DA:181,1
DA:182,1
DA:184,0
DA:189,2
DA:190,2
DA:191,2
DA:193,2
DA:194,2
DA:196,0
DA:202,2
DA:203,0
DA:204,2
DA:206,0
DA:207,2
DA:209,0
DA:210,2
DA:212,0
DA:213,2
DA:220,2
DA:221,2
DA:222,2
DA:223,0
DA:225,2
DA:226,2
DA:227,0
DA:228,2
DA:229,2
DA:230,2
DA:234,2
DA:235,2
DA:236,0
DA:238,2
DA:239,0
DA:245,2
DA:246,2
DA:247,2
DA:248,0
DA:249,0
DA:250,0
DA:251,0
DA:252,0
DA:258,2
DA:259,2
DA:262,2
DA:263,2
DA:270,0
DA:275,2
DA:276,2
DA:288,2
DA:290,0
DA:304,2
DA:305,1
DA:307,2
DA:308,2
DA:309,2
DA:310,2
DA:316,2
DA:317,2
DA:319,2
DA:321,2
DA:322,0
DA:323,0
DA:324,0
DA:325,0
LF:156
LH:83
BRDA:16,0,0,1
BRDA:16,0,1,0
BRDA:18,1,0,10
BRDA:18,1,1,0
BRDA:19,2,0,0
BRDA:19,2,1,10
BRDA:19,3,0,10
BRDA:19,3,1,10
BRDA:20,4,0,0
BRDA:20,4,1,10
BRDA:20,5,0,10
BRDA:20,5,1,10
BRDA:20,5,2,10
BRDA:21,6,0,10
BRDA:21,6,1,0
BRDA:39,7,0,1
BRDA:39,7,1,0
BRDA:66,8,0,0
BRDA:66,8,1,0
BRDA:70,9,0,0
BRDA:70,9,1,0
BRDA:84,10,0,0
BRDA:84,10,1,0
BRDA:90,11,0,0
BRDA:90,11,1,0
BRDA:90,12,0,0
BRDA:90,12,1,0
BRDA:90,12,2,0
BRDA:95,13,0,0
BRDA:95,13,1,0
BRDA:107,14,0,0
BRDA:107,14,1,0
BRDA:118,15,0,0
BRDA:118,15,1,0
BRDA:136,16,0,0
BRDA:136,16,1,0
BRDA:141,17,0,0
BRDA:141,17,1,0
BRDA:143,18,0,0
BRDA:143,18,1,0
BRDA:172,19,0,0
BRDA:172,19,1,0
BRDA:176,20,0,0
BRDA:176,20,1,1
BRDA:176,21,0,0
BRDA:176,21,1,1
BRDA:177,22,0,1
BRDA:177,22,1,0
BRDA:177,23,0,0
BRDA:177,23,1,0
BRDA:178,24,0,0
BRDA:178,24,1,1
BRDA:178,25,0,0
BRDA:178,25,1,0
BRDA:196,26,0,1
BRDA:196,26,1,1
BRDA:197,27,0,0
BRDA:197,27,1,1
BRDA:203,28,0,1
BRDA:203,28,1,1
BRDA:206,29,0,1
BRDA:206,29,1,1
BRDA:209,30,0,1
BRDA:209,30,1,1
BRDA:212,31,0,1
BRDA:212,31,1,1
BRDA:219,32,0,0
BRDA:223,33,0,0
BRDA:223,33,1,0
BRDA:227,34,0,0
BRDA:227,34,1,0
BRDA:236,35,0,0
BRDA:236,35,1,0
BRDA:239,36,0,0
BRDA:239,36,1,0
BRDA:248,37,0,1
BRDA:248,37,1,1
BRDA:249,38,0,1
BRDA:249,38,1,1
BRDA:250,39,0,1
BRDA:250,39,1,1
BRDA:251,40,0,1
BRDA:251,40,1,1
BRDA:252,41,0,1
BRDA:252,41,1,1
BRDA:257,42,0,0
BRDA:265,43,0,0
BRDA:265,43,1,0
BRDA:263,44,0,0
BRDA:263,44,1,0
BRDA:271,45,0,0
BRDA:271,45,1,0
BRDA:273,46,0,0
BRDA:273,46,1,0
BRDA:275,47,0,0
BRDA:275,47,1,0
BRDA:280,48,0,0
BRDA:285,49,0,0
BRDA:285,49,1,0
BRDA:290,50,0,0
BRDA:290,50,1,0
BRDA:297,51,0,0
BRDA:297,51,1,0
BRDA:312,52,0,0
BRDA:312,52,1,1
BRDA:313,53,0,0
BRDA:313,53,1,1
BRDA:318,54,0,1
BRDA:318,54,1,0
BRDA:318,55,0,0
BRDA:318,55,1,0
BRDA:322,56,0,1
BRDA:322,56,1,0
BRDA:323,57,0,1
BRDA:323,57,1,0
BRDA:324,58,0,0
BRDA:324,58,1,1
BRDA:332,59,0,0
BRDA:332,59,1,1
BRDA:336,60,0,0
BRDA:336,60,1,0
BRDA:334,61,0,0
BRDA:334,61,1,0
BRF:123
BRH:43
end_of_record
TN:
SF:src\components\dashboard\TitleBar.vue
FN:13,(anonymous_1)
FN:20,(anonymous_2)
FN:32,(anonymous_3)
FN:42,(anonymous_4)
FN:50,(anonymous_5)
FN:78,(anonymous_7)
FNF:6
FNH:6
FNDA:1,(anonymous_1)
FNDA:1,(anonymous_2)
FNDA:1,(anonymous_3)
FNDA:1,(anonymous_4)
FNDA:1,(anonymous_5)
FNDA:1,(anonymous_7)
DA:11,1
DA:13,1
DA:14,1
DA:15,1
DA:16,1
DA:20,1
DA:21,1
DA:22,1
DA:23,0
DA:24,0
DA:25,0
DA:27,0
DA:32,1
DA:33,1
DA:34,1
DA:35,1
DA:40,1
DA:42,1
DA:43,1
DA:44,0
DA:45,0
DA:46,0
DA:50,1
DA:51,1
DA:52,1
DA:53,1
DA:54,1
DA:55,1
DA:57,0
DA:58,0
DA:59,0
DA:65,2
DA:78,1
LF:33
LH:23
BRDA:24,0,0,0
BRDA:24,0,1,0
BRDA:43,1,0,0
BRDA:43,1,1,1
BRDA:51,2,0,1
BRDA:51,2,1,0
BRDA:52,3,0,1
BRDA:52,3,1,0
BRDA:78,4,0,2
BRDA:78,4,1,1
BRDA:78,5,0,1
BRDA:78,5,1,1
BRDA:80,6,0,1
BRDA:80,6,1,1
BRDA:82,7,0,1
BRDA:82,7,1,1
BRDA:83,8,0,1
BRDA:83,8,1,1
BRDA:90,9,0,2
BRDA:90,9,1,1
BRDA:93,10,0,2
BRDA:93,10,1,1
BRDA:96,11,0,2
BRDA:96,11,1,1
BRF:24
BRH:19
end_of_record
TN:
SF:src\components\dashboard\UserProfile.vue
FN:21,(anonymous_1)
FN:29,(anonymous_2)
FN:29,(anonymous_3)
FN:35,(anonymous_4)
FN:42,(anonymous_5)
FN:45,(anonymous_6)
FN:50,(anonymous_7)
FN:50,(anonymous_8)
FN:72,(anonymous_10)
FN:86,(anonymous_11)
FN:99,(anonymous_12)
FN:111,(anonymous_13)
FN:119,(anonymous_14)
FN:132,(anonymous_15)
FNF:14
FNH:6
FNDA:2,(anonymous_1)
FNDA:2,(anonymous_2)
FNDA:0,(anonymous_3)
FNDA:1,(anonymous_4)
FNDA:1,(anonymous_5)
FNDA:0,(anonymous_6)
FNDA:4,(anonymous_7)
FNDA:2,(anonymous_8)
FNDA:0,(anonymous_10)
FNDA:0,(anonymous_11)
FNDA:0,(anonymous_12)
FNDA:0,(anonymous_13)
FNDA:0,(anonymous_14)
FNDA:0,(anonymous_15)
DA:6,2
DA:7,2
DA:9,2
DA:18,2
DA:19,2
DA:21,2
DA:22,2
DA:23,2
DA:25,0
DA:29,2
DA:30,0
DA:31,0
DA:35,2
DA:36,1
DA:37,1
DA:39,1
DA:42,1
DA:43,0
DA:44,0
DA:45,0
DA:50,4
DA:51,2
DA:52,2
DA:53,0
DA:60,5
DA:61,2
DA:62,2
DA:63,2
DA:66,2
DA:67,2
DA:72,0
DA:80,2
DA:81,2
DA:86,0
DA:94,2
DA:99,0
DA:108,2
DA:109,2
DA:111,0
DA:112,2
DA:113,2
DA:117,2
DA:119,0
DA:120,2
DA:121,2
DA:122,2
DA:127,2
DA:132,0
DA:142,2
LF:49
LH:36
BRDA:22,0,0,2
BRDA:22,0,1,0
BRDA:30,1,0,0
BRDA:30,1,1,0
BRDA:51,2,0,2
BRDA:51,2,1,0
BRDA:51,3,0,2
BRDA:51,3,1,2
BRDA:52,4,0,0
BRDA:52,4,1,2
BRDA:52,5,0,2
BRDA:52,5,1,2
BRDA:68,6,0,5
BRDA:68,6,1,2
BRDA:72,7,0,5
BRDA:72,7,1,2
BRDA:82,8,0,5
BRDA:82,8,1,2
BRDA:86,9,0,5
BRDA:86,9,1,2
BRDA:95,10,0,5
BRDA:95,10,1,2
BRDA:99,11,0,5
BRDA:99,11,1,2
BRDA:111,12,0,5
BRDA:111,12,1,2
BRDA:119,13,0,5
BRDA:119,13,1,2
BRDA:132,14,0,5
BRDA:132,14,1,2
BRDA:143,15,0,5
BRDA:143,15,1,4
BRDA:143,15,2,2
BRDA:143,15,3,2
BRDA:144,16,0,1
BRDA:144,16,1,4
BRDA:146,17,0,0
BRDA:146,17,1,5
BRF:38
BRH:32
end_of_record
TN:
SF:src\components\dashboard\VoiceManagementView.vue
FN:19,(anonymous_1)
FN:20,(anonymous_2)
FN:22,(anonymous_3)
FN:31,(anonymous_4)
FN:43,(anonymous_5)
FN:46,(anonymous_6)
FN:51,(anonymous_7)
FN:62,(anonymous_8)
FN:67,(anonymous_9)
FN:70,(anonymous_10)
FN:73,(anonymous_11)
FN:77,(anonymous_12)
FN:82,(anonymous_13)
FN:85,(anonymous_14)
FN:89,(anonymous_15)
FN:93,(anonymous_16)
FN:104,(anonymous_17)
FN:105,(anonymous_18)
FN:106,(anonymous_19)
FN:119,(anonymous_21)
FN:120,(anonymous_22)
FN:121,(anonymous_23)
FN:122,(anonymous_24)
FN:124,(anonymous_25)
FN:144,(anonymous_26)
FN:148,(anonymous_27)
FN:164,(anonymous_28)
FNF:27
FNH:16
FNDA:1,(anonymous_1)
FNDA:1,(anonymous_2)
FNDA:1,(anonymous_3)
FNDA:1,(anonymous_4)
FNDA:0,(anonymous_5)
FNDA:0,(anonymous_6)
FNDA:1,(anonymous_7)
FNDA:1,(anonymous_8)
FNDA:1,(anonymous_9)
FNDA:1,(anonymous_10)
FNDA:0,(anonymous_11)
FNDA:0,(anonymous_12)
FNDA:0,(anonymous_13)
FNDA:31,(anonymous_14)
FNDA:12,(anonymous_15)
FNDA:6,(anonymous_16)
FNDA:1,(anonymous_17)
FNDA:1,(anonymous_18)
FNDA:0,(anonymous_19)
FNDA:0,(anonymous_21)
FNDA:0,(anonymous_22)
FNDA:0,(anonymous_23)
FNDA:0,(anonymous_24)
FNDA:0,(anonymous_25)
FNDA:6,(anonymous_26)
FNDA:1,(anonymous_27)
FNDA:5,(anonymous_28)
DA:9,1
DA:10,1
DA:11,1
DA:12,1
DA:13,1
DA:14,1
DA:15,1
DA:16,1
DA:17,1
DA:19,1
DA:20,1
DA:22,1
DA:23,1
DA:24,1
DA:25,1
DA:26,1
DA:27,1
DA:28,1
DA:31,1
DA:32,1
DA:42,1
DA:43,1
DA:46,1
DA:47,0
DA:48,0
DA:51,1
DA:52,1
DA:53,1
DA:58,1
DA:59,1
DA:62,1
DA:63,1
DA:64,1
DA:67,1
DA:68,1
DA:69,1
DA:70,1
DA:71,1
DA:72,1
DA:73,1
DA:77,1
DA:78,0
DA:79,0
DA:81,0
DA:82,0
DA:85,1
DA:86,31
DA:89,1
DA:90,12
DA:93,1
DA:94,6
DA:101,6
DA:104,1
DA:105,1
DA:106,1
DA:110,3
DA:116,2
DA:118,2
DA:119,2
DA:120,2
DA:121,2
DA:122,2
DA:124,2
DA:131,2
DA:133,2
DA:139,2
DA:142,2
DA:143,6
DA:148,1
DA:150,2
DA:151,2
DA:154,2
DA:155,2
DA:156,2
DA:164,5
LF:75
LH:69
BRDA:19,0,0,1
BRDA:19,0,1,0
BRDA:19,0,2,0
BRDA:20,1,0,1
BRDA:20,1,1,0
BRDA:24,2,0,1
BRDA:24,2,1,0
BRDA:25,3,0,1
BRDA:25,3,1,0
BRDA:26,4,0,1
BRDA:26,4,1,0
BRDA:27,5,0,1
BRDA:27,5,1,0
BRDA:28,6,0,1
BRDA:28,6,1,0
BRDA:70,7,0,1
BRDA:70,7,1,0
BRDA:70,7,2,0
BRDA:71,8,0,1
BRDA:71,8,1,0
BRDA:71,9,0,1
BRDA:71,9,1,0
BRDA:86,10,0,31
BRDA:86,10,1,0
BRDA:86,10,2,0
BRDA:90,11,0,12
BRDA:90,11,1,0
BRDA:90,11,2,0
BRDA:101,12,0,6
BRDA:101,12,1,0
BRDA:105,13,0,0
BRDA:105,13,1,1
BRDA:111,14,0,3
BRDA:111,14,1,1
BRDA:117,15,0,3
BRDA:117,15,1,1
BRDA:119,16,0,3
BRDA:119,16,1,1
BRDA:119,17,0,3
BRDA:119,17,1,1
BRDA:120,18,0,3
BRDA:120,18,1,1
BRDA:120,19,0,3
BRDA:120,19,1,1
BRDA:121,20,0,3
BRDA:121,20,1,1
BRDA:121,21,0,3
BRDA:121,21,1,1
BRDA:122,22,0,3
BRDA:122,22,1,1
BRDA:122,23,0,3
BRDA:122,23,1,1
BRDA:124,24,0,3
BRDA:124,24,1,1
BRDA:124,25,0,3
BRDA:124,25,1,1
BRDA:137,26,0,3
BRDA:137,26,1,1
BRDA:140,27,0,3
BRDA:140,27,1,1
BRDA:141,28,0,0
BRDA:141,28,1,3
BRDA:152,29,0,1
BRDA:152,29,1,5
BRDA:154,30,0,6
BRDA:154,30,1,0
BRDA:154,30,2,0
BRDA:155,31,0,6
BRDA:155,31,1,6
BRDA:155,31,2,0
BRDA:162,32,0,4
BRDA:162,32,1,1
BRF:72
BRH:50
end_of_record
TN:
SF:src\composables\use3DModel.ts
FN:31,buildPerm
FN:51,simplex2D
FN:115,extrapolate
FN:149,deepDispose
FN:150,(anonymous_4)
FN:159,(anonymous_5)
FN:161,(anonymous_6)
FN:177,use3DModel
FN:235,initRenderer
FN:293,disposePreviousModel
FN:309,(anonymous_10)
FN:326,autoScaleAndCenter
FN:346,loadModel
FN:362,loadVRM
FN:364,(anonymous_14)
FN:368,(anonymous_15)
FN:370,(anonymous_16)
FN:398,(anonymous_17)
FN:403,(anonymous_18)
FN:412,loadFBX
FN:417,(anonymous_20)
FN:419,(anonymous_21)
FN:459,(anonymous_22)
FN:464,(anonymous_23)
FN:479,startRenderLoop
FN:485,(anonymous_25)
FN:489,animate
FN:550,stopRenderLoop
FN:560,updateIdle
FN:590,startAutoBlink
FN:598,updateBlink
FN:666,startLipSync
FN:672,updateProceduralLipSync
FN:704,stopLipSync
FN:755,startAudioDrivenLipSync
FN:784,updateAudioLipSync
FN:818,stopAudioDrivenLipSync
FN:843,updateMicroExpressions
FN:897,triggerMotion
FN:924,animateExpression
FN:963,updateLookAt
FN:973,updateSpringLookAt
FN:993,updateExpressions
FN:1043,setFaceTrackingActive
FN:1069,dispose
FN:1123,lerp
FN:1128,easeOutQuad
FN:1133,easeInQuad
FN:1138,randomBlinkInterval
FN:1146,weightedRandom
FN:1147,(anonymous_50)
FNF:51
FNH:36
FNDA:1,buildPerm
FNDA:0,simplex2D
FNDA:0,extrapolate
FNDA:2,deepDispose
FNDA:1,(anonymous_4)
FNDA:0,(anonymous_5)
FNDA:0,(anonymous_6)
FNDA:7,use3DModel
FNDA:3,initRenderer
FNDA:6,disposePreviousModel
FNDA:0,(anonymous_10)
FNDA:1,autoScaleAndCenter
FNDA:3,loadModel
FNDA:2,loadVRM
FNDA:0,(anonymous_14)
FNDA:2,(anonymous_15)
FNDA:1,(anonymous_16)
FNDA:0,(anonymous_17)
FNDA:1,(anonymous_18)
FNDA:1,loadFBX
[...]
DA:342,0
DA:343,0
DA:344,0
DA:345,0
DA:346,0
DA:348,0
DA:350,0
DA:351,0
DA:352,0
DA:354,0
DA:355,0
DA:356,0
DA:358,0
DA:360,0
DA:361,0
DA:369,1
DA:370,1
DA:371,1
DA:375,1
DA:376,1
DA:377,1
DA:381,1
DA:384,1
DA:391,1
DA:394,1
DA:397,1
DA:400,1
DA:403,1
DA:407,3
DA:408,3
DA:409,3
DA:410,1
DA:412,1
DA:413,1
DA:414,1
DA:415,1
DA:422,1
DA:423,0
DA:425,0
DA:427,0
DA:429,0
DA:430,0
DA:431,0
DA:432,0
DA:433,0
DA:434,0
DA:435,0
DA:439,0
DA:441,0
DA:442,0
DA:444,0
DA:445,0
DA:446,0
DA:447,0
DA:449,0
DA:452,0
DA:454,0
DA:457,0
DA:458,0
DA:459,0
DA:460,0
DA:461,0
DA:462,0
DA:465,0
DA:476,1
DA:477,1
DA:480,1
DA:481,1
DA:482,1
DA:483,1
DA:487,1
DA:488,1
DA:490,1
DA:492,1
DA:493,1
DA:496,1
DA:498,1
DA:500,1
DA:501,1
DA:502,0
DA:504,0
DA:505,0
DA:506,0
DA:507,0
DA:509,0
DA:510,0
DA:513,0
DA:514,0
DA:517,1
DA:520,1
DA:535,2
DA:536,2
DA:544,1
DA:548,1
DA:550,1
DA:551,1
DA:553,1
DA:554,1
DA:555,0
DA:564,2
DA:565,1
DA:569,1
DA:572,1
DA:573,1
DA:574,1
DA:576,0
DA:580,1
DA:581,0
DA:582,0
DA:584,1
DA:588,1
DA:589,0
DA:590,0
DA:592,1
DA:596,1
DA:597,0
DA:601,1
DA:602,0
DA:604,1
DA:614,2
DA:615,2
DA:617,1
DA:618,1
DA:621,1
DA:623,1
DA:624,0
DA:625,0
DA:626,0
DA:627,0
DA:628,0
DA:631,1
DA:632,1
DA:640,2
DA:641,2
DA:642,2
DA:643,2
DA:644,2
DA:645,0
DA:646,0
DA:649,2
DA:650,1
DA:651,1
DA:652,1
DA:655,2
DA:656,1
DA:657,1
DA:658,1
DA:662,8
DA:684,12
DA:689,16
DA:694,4
DA:701,230
DA:707,2254
DA:708,1102
DA:710,1102
DA:711,2177
DA:712,2177
DA:714,0
LF:303
LH:202
BRDA:41,0,0,0
BRDA:41,0,1,0
BRDA:44,1,0,0
BRDA:44,1,1,0
BRDA:49,2,0,0
BRDA:49,2,1,0
BRDA:50,3,0,0
BRDA:50,3,1,0
BRDA:54,4,0,0
BRDA:54,4,1,0
BRDA:54,5,0,0
BRDA:54,5,1,0
BRDA:54,5,2,0
BRDA:54,5,3,0
BRDA:140,6,0,0
BRDA:140,6,1,1
BRDA:154,7,0,0
BRDA:154,7,1,1
BRDA:167,8,0,1
BRDA:167,8,1,0
BRDA:178,9,0,0
BRDA:178,9,1,0
BRDA:196,10,0,0
BRDA:196,10,1,1
BRDA:199,11,0,1
BRDA:199,11,1,0
BRDA:209,12,0,0
BRDA:209,12,1,1
BRDA:209,13,0,0
BRDA:209,13,1,1
BRDA:210,14,0,0
BRDA:210,14,1,1
BRDA:210,15,0,1
BRDA:210,15,1,0
BRDA:219,16,0,1
BRDA:219,16,1,0
BRDA:224,17,0,1
BRDA:224,17,1,0
BRDA:229,18,0,1
BRDA:229,18,1,0
BRDA:243,19,0,1
BRDA:243,19,1,0
BRDA:251,20,0,1
BRDA:251,20,1,3
BRDA:255,21,0,4
BRDA:255,21,1,0
BRDA:264,22,0,0
BRDA:264,22,1,1
BRDA:269,23,0,1
BRDA:269,23,1,0
BRDA:276,24,0,1
BRDA:276,24,1,0
BRDA:278,25,0,1
BRDA:278,25,1,0
BRDA:302,26,0,0
BRDA:302,26,1,1
BRDA:307,27,0,1
BRDA:307,27,1,0
BRDA:307,27,2,0
BRDA:307,27,3,0
BRDA:309,28,0,0
BRDA:309,28,1,1
BRDA:322,29,0,0
BRDA:322,29,1,0
BRDA:333,30,0,0
BRDA:333,30,1,0
BRDA:343,31,0,0
BRDA:343,31,1,0
BRDA:348,32,0,0
BRDA:348,32,1,0
BRDA:369,33,0,0
BRDA:369,33,1,1
BRDA:375,34,0,0
BRDA:375,34,1,1
BRDA:375,35,0,1
BRDA:375,35,1,1
BRDA:397,36,0,0
BRDA:397,36,1,1
BRDA:397,37,0,1
BRDA:397,37,1,0
BRDA:400,38,0,0
BRDA:400,38,1,1
BRDA:400,39,0,1
BRDA:400,39,1,0
BRDA:403,40,0,0
BRDA:403,40,1,1
BRDA:409,41,0,2
BRDA:409,41,1,1
BRDA:422,42,0,1
BRDA:422,42,1,0
BRDA:422,43,0,1
BRDA:422,43,1,1
BRDA:422,43,2,1
BRDA:427,44,0,0
BRDA:427,44,1,0
BRDA:429,45,0,0
BRDA:429,45,1,0
BRDA:439,46,0,0
BRDA:439,46,1,0
BRDA:444,47,0,0
BRDA:444,47,1,0
BRDA:452,48,0,0
BRDA:452,48,1,0
BRDA:458,49,0,0
BRDA:458,49,1,0
BRDA:476,50,0,0
BRDA:476,50,1,1
BRDA:498,51,0,1
BRDA:498,51,1,0
BRDA:502,52,0,0
BRDA:502,52,1,0
BRDA:507,53,0,0
BRDA:507,53,1,0
BRDA:544,54,0,0
BRDA:544,54,1,1
BRDA:554,55,0,0
BRDA:554,55,1,1
BRDA:564,56,0,1
BRDA:564,56,1,1
BRDA:572,57,0,1
BRDA:572,57,1,0
BRDA:573,58,0,1
BRDA:573,58,1,1
BRDA:576,59,0,0
BRDA:576,59,1,0
BRDA:580,60,0,0
BRDA:580,60,1,1
BRDA:581,61,0,0
BRDA:581,61,1,0
BRDA:584,62,0,1
BRDA:584,62,1,1
BRDA:588,63,0,0
BRDA:588,63,1,1
BRDA:589,64,0,0
BRDA:589,64,1,0
BRDA:592,65,0,1
BRDA:592,65,1,1
BRDA:596,66,0,0
BRDA:596,66,1,1
BRDA:601,67,0,0
BRDA:601,67,1,1
BRDA:604,68,0,1
BRDA:604,68,1,1
BRDA:615,69,0,1
BRDA:615,69,1,1
BRDA:623,70,0,0
BRDA:623,70,1,1
BRDA:644,71,0,0
BRDA:644,71,1,2
BRDA:649,72,0,1
BRDA:649,72,1,1
BRDA:655,73,0,1
BRDA:655,73,1,1
BRDA:712,74,0,1102
BRDA:712,74,1,1075
BRF:155
BRH:67
end_of_record
TN:
SF:src\composables\useVoicePipeline.ts
FN:38,initWorker
FN:39,(anonymous_1)
FN:50,(anonymous_2)
FN:80,(anonymous_3)
FN:87,sendToWorker
FN:117,useVoicePipeline
FN:136,activateWebSpeechFallback
FN:150,deactivateWebSpeechFallback
FN:165,initSpeechRecognition
FN:181,(anonymous_9)
FN:203,(anonymous_10)
FN:207,(anonymous_11)
FN:229,(anonymous_12)
FN:253,onWakeWordDetected
FN:254,(anonymous_14)
FN:271,resetActiveTimeout
FN:273,(anonymous_16)
FN:281,startPipeline
FN:324,(anonymous_18)
FN:363,(anonymous_19)
FN:372,(anonymous_20)
FN:374,(anonymous_21)
FN:377,(anonymous_22)
FN:382,(anonymous_23)
FN:406,monitorVolume
FN:430,stopPipeline
FN:467,(anonymous_26)
FN:485,toggleVoice
FN:499,setProcessing
FN:510,setPassive
FN:524,keepAlive
FN:530,setWakeWordThreshold
FN:563,(anonymous_32)
FNF:33
FNH:20
FNDA:6,initWorker
FNDA:6,(anonymous_1)
FNDA:4,(anonymous_2)
FNDA:0,(anonymous_3)
FNDA:3,sendToWorker
FNDA:10,useVoicePipeline
FNDA:4,activateWebSpeechFallback
FNDA:1,deactivateWebSpeechFallback
FNDA:4,initSpeechRecognition
FNDA:1,(anonymous_9)
FNDA:1,(anonymous_10)
FNDA:1,(anonymous_11)
FNDA:11,(anonymous_12)
FNDA:0,onWakeWordDetected
FNDA:0,(anonymous_14)
FNDA:2,resetActiveTimeout
FNDA:0,(anonymous_16)
FNDA:6,startPipeline
FNDA:3,(anonymous_18)
FNDA:0,(anonymous_19)
FNDA:0,(anonymous_20)
FNDA:0,(anonymous_21)
FNDA:0,(anonymous_22)
FNDA:2,(anonymous_23)
FNDA:6,monitorVolume
FNDA:2,stopPipeline
FNDA:2,(anonymous_26)
FNDA:3,toggleVoice
FNDA:0,setProcessing
FNDA:0,setPassive
FNDA:0,keepAlive
FNDA:0,setWakeWordThreshold
FNDA:0,(anonymous_32)
DA:29,1
DA:30,1
DA:31,1
DA:33,1
DA:34,1
DA:35,1
DA:36,1
DA:39,6
DA:40,6
DA:41,4
DA:42,4
DA:45,2
DA:50,2
DA:51,4
DA:53,4
DA:54,0
DA:55,0
DA:56,0
DA:57,0
DA:60,4
DA:61,2
DA:62,2
DA:63,2
DA:64,2
DA:65,2
DA:66,2
DA:67,0
DA:68,0
DA:69,0
DA:70,0
DA:72,0
DA:73,0
DA:74,0
DA:75,0
DA:80,2
DA:81,0
DA:82,0
DA:88,3
DA:89,3
DA:118,10
DA:119,10
DA:120,10
DA:121,10
DA:123,10
DA:124,10
DA:125,10
DA:126,10
DA:127,10
DA:129,10
DA:130,10
DA:131,10
DA:133,10
DA:137,4
DA:138,4
DA:139,4
DA:140,4
DA:142,4
DA:143,0
DA:144,0
DA:147,4
DA:151,1
DA:152,1
DA:153,1
DA:154,1
DA:155,1
DA:156,1
DA:157,1
DA:161,1
DA:166,4
DA:167,0
DA:168,0
DA:174,4
DA:175,4
DA:176,4
DA:177,4
DA:178,4
DA:179,4
DA:181,4
DA:182,1
DA:183,0
DA:186,1
DA:187,1
DA:188,1
DA:189,1
DA:190,1
DA:191,1
DA:192,1
DA:193,1
DA:194,1
DA:195,1
DA:196,1
DA:197,1
DA:203,4
DA:204,1
DA:207,4
DA:208,1
DA:209,1
DA:210,1
DA:211,1
DA:212,1
DA:213,1
DA:216,0
DA:221,4
DA:222,2
DA:225,0
DA:229,10
DA:230,11
DA:231,3
DA:232,3
DA:233,3
DA:238,0
DA:239,0
DA:246,10
DA:247,10
DA:248,10
DA:250,10
DA:251,10
DA:254,0
DA:255,0
DA:256,0
DA:257,0
DA:258,0
DA:260,0
DA:261,0
DA:262,0
DA:263,0
DA:264,0
DA:265,0
DA:272,2
DA:273,2
DA:274,0
DA:275,0
DA:276,0
DA:282,6
DA:284,6
DA:285,6
DA:287,6
DA:288,0
DA:289,0
DA:290,0
DA:291,0
DA:294,6
DA:295,6
DA:296,6
DA:297,0
DA:298,0
DA:299,0
DA:300,0
DA:303,6
DA:313,5
DA:314,5
DA:315,5
DA:317,5
DA:318,5
DA:319,5
DA:322,5
DA:324,5
DA:325,3
DA:327,2
DA:329,2
DA:330,2
DA:331,4096
DA:333,2
DA:336,2
DA:337,1
DA:341,2
DA:342,1
DA:343,1
DA:346,1
DA:347,1
DA:348,1
DA:349,1
DA:350,1
DA:352,1
DA:353,1
DA:358,5
DA:359,5
DA:360,5
DA:362,5
DA:363,0
DA:367,5
DA:368,0
DA:372,5
DA:373,0
DA:374,0
DA:375,0
DA:376,0
DA:377,0
DA:379,0
DA:382,5
DA:383,2
DA:384,2
DA:385,2
DA:387,5
DA:388,5
DA:389,5
DA:391,5
DA:392,5
DA:393,5
DA:394,5
DA:397,1
DA:398,1
DA:399,1
DA:400,1
DA:401,1
DA:402,1
DA:407,6
DA:408,0
DA:409,0
DA:412,6
DA:413,6
DA:414,6
DA:415,768
DA:417,6
DA:420,6
DA:421,6
DA:423,6
DA:424,0
DA:427,6
DA:431,2
DA:432,2
DA:433,2
DA:435,2
DA:436,0
DA:437,0
DA:440,2
DA:441,1
DA:442,1
DA:445,2
DA:446,2
DA:447,2
DA:448,2
DA:451,2
DA:452,2
DA:453,2
DA:456,2
DA:457,2
DA:458,2
DA:461,2
DA:462,2
DA:463,2
DA:466,2
DA:467,2
DA:468,2
DA:471,2
DA:472,2
DA:473,2
DA:474,2
DA:477,2
DA:478,2
DA:479,2
DA:481,2
DA:482,2
DA:486,3
DA:487,1
DA:488,1
DA:489,2
DA:490,1
DA:491,1
DA:500,0
DA:501,0
DA:502,0
DA:511,0
DA:512,0
DA:513,0
DA:514,0
DA:515,0
DA:525,0
DA:526,0
DA:531,0
DA:532,0
DA:533,0
DA:535,0
DA:538,10
DA:562,1
DA:563,0
DA:564,0
LF:277
LH:203
BRDA:33,0,0,1
BRDA:33,0,1,0
BRDA:34,1,0,0
BRDA:34,1,1,1
BRDA:40,2,0,4
BRDA:40,2,1,2
BRDA:40,3,0,6
BRDA:40,3,1,4
BRDA:53,4,0,0
BRDA:53,4,1,4
BRDA:55,5,0,0
BRDA:55,5,1,0
BRDA:60,6,0,2
BRDA:60,6,1,2
BRDA:61,7,0,2
BRDA:61,7,1,0
BRDA:62,8,0,0
BRDA:62,8,1,2
BRDA:64,9,0,2
BRDA:64,9,1,0
BRDA:67,10,0,0
BRDA:67,10,1,0
BRDA:68,11,0,0
BRDA:68,11,1,0
BRDA:69,12,0,0
BRDA:69,12,1,0
BRDA:72,13,0,0
BRDA:72,13,1,0
BRDA:72,14,0,0
BRDA:72,14,1,0
BRDA:73,15,0,0
BRDA:73,15,1,0
BRDA:74,16,0,0
BRDA:74,16,1,0
BRDA:88,17,0,3
BRDA:88,17,1,0
BRDA:133,18,0,10
BRDA:133,18,1,6
BRDA:137,19,0,0
BRDA:137,19,1,4
BRDA:142,20,0,0
BRDA:142,20,1,4
BRDA:151,21,0,0
BRDA:151,21,1,1
BRDA:155,22,0,1
BRDA:155,22,1,0
BRDA:166,23,0,0
BRDA:166,23,1,4
BRDA:175,24,0,0
BRDA:175,24,1,4
BRDA:182,25,0,0
BRDA:182,25,1,1
BRDA:182,26,0,1
BRDA:182,26,1,0
BRDA:188,27,0,1
BRDA:188,27,1,0
BRDA:188,28,0,1
BRDA:188,28,1,1
BRDA:190,29,0,1
BRDA:190,29,1,0
BRDA:192,30,0,1
BRDA:192,30,1,0
BRDA:192,31,0,1
BRDA:192,31,1,1
BRDA:209,32,0,1
BRDA:209,32,1,0
BRDA:209,33,0,1
BRDA:209,33,1,1
BRDA:209,33,2,0
BRDA:212,34,0,1
BRDA:212,34,1,0
BRDA:221,35,0,2
BRDA:221,35,1,2
BRDA:221,36,0,4
BRDA:221,36,1,2
BRDA:230,37,0,8
BRDA:230,37,1,3
BRDA:230,38,0,11
BRDA:230,38,1,3
BRDA:231,39,0,3
BRDA:231,39,1,0
BRDA:231,40,0,3
BRDA:231,40,1,0
BRDA:255,41,0,0
BRDA:255,41,1,0
BRDA:260,42,0,0
BRDA:260,42,1,0
BRDA:260,43,0,0
BRDA:260,43,1,0
BRDA:272,44,0,0
BRDA:272,44,1,2
BRDA:274,45,0,0
BRDA:274,45,1,0
BRDA:274,46,0,0
BRDA:274,46,1,0
BRDA:282,47,0,0
BRDA:282,47,1,6
BRDA:287,48,0,0
BRDA:287,48,1,6
BRDA:287,49,0,6
BRDA:287,49,1,6
BRDA:296,50,0,0
BRDA:296,50,1,6
BRDA:313,51,0,5
BRDA:313,51,1,0
BRDA:325,52,0,1
BRDA:325,52,1,2
BRDA:336,53,0,1
BRDA:336,53,1,1
BRDA:336,54,0,2
BRDA:336,54,1,1
BRDA:341,55,0,1
BRDA:341,55,1,1
BRDA:341,56,0,2
BRDA:341,56,1,1
BRDA:341,56,2,1
BRDA:341,56,3,1
BRDA:352,57,0,1
BRDA:352,57,1,0
BRDA:362,58,0,0
BRDA:362,58,1,5
BRDA:367,59,0,0
BRDA:367,59,1,5
BRDA:373,60,0,0
BRDA:373,60,1,0
BRDA:373,61,0,0
BRDA:373,61,1,0
BRDA:397,62,0,1
BRDA:397,62,1,0
BRDA:407,63,0,0
BRDA:407,63,1,6
BRDA:407,64,0,6
BRDA:407,64,1,6
BRDA:407,64,2,6
BRDA:408,65,0,0
BRDA:408,65,1,0
BRDA:423,66,0,0
BRDA:423,66,1,6
BRDA:435,67,0,0
BRDA:435,67,1,2
BRDA:440,68,0,1
BRDA:440,68,1,1
BRDA:445,69,0,2
BRDA:445,69,1,0
BRDA:451,70,0,2
BRDA:451,70,1,0
BRDA:456,71,0,2
BRDA:456,71,1,0
BRDA:461,72,0,2
BRDA:461,72,1,0
BRDA:466,73,0,2
BRDA:466,73,1,0
BRDA:471,74,0,2
BRDA:471,74,1,0
BRDA:478,75,0,2
BRDA:478,75,1,0
BRDA:481,76,0,2
BRDA:481,76,1,0
BRDA:486,77,0,1
BRDA:486,77,1,2
BRDA:489,78,0,1
BRDA:489,78,1,1
BRDA:489,79,0,2
BRDA:489,79,1,1
BRDA:491,80,0,1
BRDA:491,80,1,0
BRDA:500,81,0,0
BRDA:500,81,1,0
BRDA:511,82,0,0
BRDA:511,82,1,0
BRDA:511,83,0,0
BRDA:511,83,1,0
BRDA:513,84,0,0
BRDA:513,84,1,0
BRDA:525,85,0,0
BRDA:525,85,1,0
BRDA:525,86,0,0
BRDA:525,86,1,0
BRDA:532,87,0,0
BRDA:532,87,1,0
BRDA:562,88,0,0
BRDA:562,88,1,1
BRDA:562,89,0,1
BRDA:562,89,1,1
BRF:184
BRH:93
end_of_record
TN:
SF:src\platform\MockWebAdapter.ts
FN:7,(anonymous_0)
FN:13,(anonymous_1)
FN:17,(anonymous_2)
FN:21,(anonymous_3)
FN:25,(anonymous_4)
FN:30,(anonymous_5)
FN:34,(anonymous_6)
FN:39,(anonymous_7)
FN:42,(anonymous_8)
FN:47,(anonymous_9)
FNF:10
FNH:10
FNDA:7,(anonymous_0)
FNDA:1,(anonymous_1)
FNDA:1,(anonymous_2)
FNDA:1,(anonymous_3)
FNDA:1,(anonymous_4)
FNDA:1,(anonymous_5)
FNDA:1,(anonymous_6)
FNDA:1,(anonymous_7)
FNDA:1,(anonymous_8)
FNDA:1,(anonymous_9)
DA:5,7
DA:8,7
DA:9,7
DA:14,1
DA:18,1
DA:22,1
DA:26,1
DA:27,1
DA:31,1
DA:35,1
DA:36,1
DA:40,1
DA:42,1
DA:43,1
DA:48,1
DA:49,1
LF:16
LH:16
BRDA:8,0,0,7
BRDA:8,0,1,0
BRF:2
BRH:1
end_of_record
TN:
SF:src\platform\TauriAdapter.ts
FN:7,(anonymous_0)
FN:11,(anonymous_1)
FN:22,(anonymous_2)
FN:33,(anonymous_3)
FN:43,(anonymous_4)
FN:54,(anonymous_5)
FN:64,(anonymous_6)
FN:66,(anonymous_7)
FN:67,(anonymous_8)
FN:70,(anonymous_9)
FN:75,(anonymous_10)
FNF:11
FNH:10
FNDA:1,(anonymous_0)
FNDA:2,(anonymous_1)
FNDA:2,(anonymous_2)
FNDA:2,(anonymous_3)
FNDA:2,(anonymous_4)
FNDA:2,(anonymous_5)
FNDA:2,(anonymous_6)
FNDA:2,(anonymous_7)
FNDA:1,(anonymous_8)
FNDA:0,(anonymous_9)
FNDA:2,(anonymous_10)
DA:5,17
DA:8,1
DA:13,2
DA:15,2
DA:16,2
DA:18,1
DA:23,2
DA:25,2
DA:26,2
DA:27,2
DA:29,1
DA:34,2
DA:36,2
DA:37,2
DA:39,1
DA:44,2
DA:46,2
DA:47,2
DA:49,1
DA:50,1
DA:55,2
DA:57,2
DA:58,2
DA:60,1
DA:66,2
DA:67,2
DA:68,1
DA:71,0
DA:76,2
DA:78,2
DA:79,2
DA:81,1
DA:82,1
LF:33
LH:32
BRF:0
BRH:0
end_of_record
TN:
SF:src\platform\index.ts
FN:6,detectPlatform
FNF:1
FNH:1
FNDA:2,detectPlatform
DA:8,2
DA:9,1
DA:10,1
DA:14,1
DA:15,1
LF:5
LH:5
BRDA:8,0,0,1
BRDA:8,0,1,1
BRDA:8,1,0,2
BRDA:8,1,1,2
BRF:4
BRH:4
end_of_record
TN:
SF:src\utils\HardwareDetector.ts
FN:25,detectOS
FN:35,detectBrowser
FN:48,isIntegratedGPU
FN:63,(anonymous_3)
FN:66,cleanGPUName
FN:90,profileHardware
FN:137,detectOptimalEngine
FNF:7
FNH:7
FNDA:35,detectOS
FNDA:35,detectBrowser
FNDA:35,isIntegratedGPU
FNDA:331,(anonymous_3)
FNDA:21,cleanGPUName
FNDA:35,profileHardware
FNDA:3,detectOptimalEngine
DA:26,35
DA:27,35
DA:28,30
DA:29,27
DA:30,26
DA:31,25
DA:32,25
DA:36,35
DA:37,35
DA:38,34
DA:39,33
DA:40,32
DA:41,31
DA:42,30
DA:49,35
DA:50,35
DA:63,331
DA:67,21
DA:69,21
DA:70,21
DA:71,2
DA:72,2
DA:73,1
DA:75,1
DA:80,21
DA:81,21
DA:82,21
DA:83,21
DA:84,21
DA:85,21
DA:87,21
DA:91,35
DA:92,35
DA:93,35
DA:95,35
DA:96,35
DA:97,35
DA:98,35
DA:99,33
DA:101,2
DA:102,2
DA:105,35
DA:106,34
DA:107,34
DA:108,34
DA:109,21
DA:111,34
DA:112,34
DA:118,35
DA:119,35
DA:120,35
DA:122,35
DA:123,35
DA:124,35
DA:126,35
DA:127,35
DA:128,11
DA:131,35
DA:138,3
DA:139,2
DA:142,1
DA:143,1
LF:62
LH:62
BRDA:27,0,0,5
BRDA:27,0,1,30
BRDA:28,1,0,3
BRDA:28,1,1,27
BRDA:29,2,0,1
BRDA:29,2,1,26
BRDA:30,3,0,1
BRDA:30,3,1,25
BRDA:31,4,0,0
BRDA:31,4,1,25
BRDA:37,5,0,1
BRDA:37,5,1,34
BRDA:37,6,0,35
BRDA:37,6,1,3
BRDA:37,6,2,2
BRDA:38,7,0,1
BRDA:38,7,1,33
BRDA:39,8,0,1
BRDA:39,8,1,32
BRDA:40,9,0,1
BRDA:40,9,1,31
BRDA:40,10,0,32
BRDA:40,10,1,2
BRDA:41,11,0,1
BRDA:41,11,1,30
BRDA:70,12,0,2
BRDA:70,12,1,19
BRDA:70,13,0,21
BRDA:70,13,1,2
BRDA:72,14,0,1
BRDA:72,14,1,1
BRDA:87,15,0,21
BRDA:87,15,1,0
BRDA:98,16,0,33
BRDA:98,16,1,2
BRDA:101,17,0,2
BRDA:101,17,1,1
BRDA:102,18,0,1
BRDA:102,18,1,1
BRDA:105,19,0,34
BRDA:105,19,1,1
BRDA:108,20,0,21
BRDA:108,20,1,13
BRDA:109,21,0,21
BRDA:109,21,1,0
BRDA:112,22,0,20
BRDA:112,22,1,14
BRDA:118,23,0,35
BRDA:118,23,1,2
BRDA:119,24,0,35
BRDA:119,24,1,1
BRDA:127,25,0,11
BRDA:127,25,1,24
BRDA:127,26,0,35
BRDA:127,26,1,32
BRDA:127,26,2,31
BRDA:137,27,0,0
BRDA:138,28,0,1
BRDA:138,28,1,2
BRDA:139,29,0,1
BRDA:139,29,1,1
BRF:61
BRH:57
end_of_record
TN:
SF:src\utils\avatarSync.ts
FN:17,normalizeEngineMode
FN:24,normalizePath
FN:29,getActiveModelKey
FN:51,isModelActive
FN:61,(anonymous_4)
FN:65,buildAvatarConfigPatch
FN:92,applyActiveFlags
FN:96,(anonymous_7)
FNF:8
FNH:8
FNDA:7,normalizeEngineMode
FNDA:28,normalizePath
FNDA:14,getActiveModelKey
FNDA:7,isModelActive
FNDA:14,(anonymous_4)
FNDA:2,buildAvatarConfigPatch
FNDA:1,applyActiveFlags
FNDA:2,(anonymous_7)
DA:18,7
DA:19,7
DA:20,5
DA:21,3
DA:25,28
DA:30,14
DA:31,11
DA:32,11
DA:33,11
DA:35,11
DA:36,1
DA:38,10
DA:39,1
DA:41,9
DA:42,1
DA:44,8
DA:45,7
DA:47,1
DA:52,7
DA:53,7
DA:55,6
DA:61,14
DA:69,2
DA:71,2
DA:96,2
LF:25
LH:25
BRDA:18,0,0,7
BRDA:18,0,1,2
BRDA:19,1,0,2
BRDA:19,1,1,5
BRDA:20,2,0,2
BRDA:20,2,1,3
BRDA:30,3,0,3
BRDA:30,3,1,11
BRDA:35,4,0,1
BRDA:35,4,1,10
BRDA:35,5,0,11
BRDA:35,5,1,1
BRDA:38,6,0,1
BRDA:38,6,1,9
BRDA:38,7,0,10
BRDA:38,7,1,1
BRDA:41,8,0,1
BRDA:41,8,1,8
BRDA:41,9,0,9
BRDA:41,9,1,1
BRDA:44,10,0,7
BRDA:44,10,1,1
BRDA:44,11,0,8
BRDA:44,11,1,7
BRDA:53,12,0,1
BRDA:53,12,1,6
BRDA:69,13,0,1
BRDA:69,13,1,1
BRDA:76,14,0,2
BRDA:76,14,1,1
BRDA:77,15,0,1
BRDA:77,15,1,1
BRDA:86,16,0,2
BRDA:86,16,1,1
BRDA:86,17,0,1
BRDA:86,17,1,0
BRF:36
BRH:35
end_of_record
TN:
SF:src\utils\fetch.ts
FN:8,safeFetch
FN:14,(anonymous_1)
FNF:2
FNH:2
FNDA:2,safeFetch
FNDA:1,(anonymous_1)
DA:13,2
DA:14,2
DA:15,2
DA:16,2
DA:17,1
DA:19,2
LF:6
LH:6
BRDA:11,0,0,1
BRF:1
BRH:1
end_of_record
TN:
SF:src\utils\logger.ts
FN:13,format
FN:20,(anonymous_1)
FN:21,(anonymous_2)
FN:22,(anonymous_3)
FN:23,(anonymous_4)
FNF:5
FNH:5
FNDA:95,format
FNDA:6,(anonymous_1)
FNDA:73,(anonymous_2)
FNDA:11,(anonymous_3)
FNDA:5,(anonymous_4)
DA:14,95
DA:15,95
DA:16,95
DA:19,11
DA:20,6
DA:21,73
DA:22,11
DA:23,5
LF:8
LH:8
BRDA:14,0,0,95
BRDA:14,0,1,0
BRDA:15,1,0,95
BRDA:15,1,1,0
BRF:4
BRH:2
end_of_record
TN:
SF:src\utils\openSimplexNoise.ts
FN:16,buildPerm
FN:33,extrapolate
FN:38,simplex2D
FNF:3
FNH:3
FNDA:6,buildPerm
FNDA:448,extrapolate
FNDA:130,simplex2D
DA:8,2
DA:9,2
DA:11,2
DA:17,6
DA:18,6
DA:19,1536
DA:20,6
DA:21,6
DA:22,1536
DA:23,1536
DA:24,1536
DA:25,1536
DA:26,1536
DA:28,6
DA:31,2
DA:34,448
DA:35,448
DA:39,130
DA:40,130
DA:41,130
DA:42,130
DA:43,130
DA:44,130
DA:45,130
DA:46,130
DA:47,130
DA:48,130
DA:50,130
DA:53,130
DA:54,130
DA:55,130
DA:56,130
DA:60,130
DA:61,73
DA:62,73
DA:63,73
DA:64,73
DA:65,73
DA:66,73
DA:68,73
DA:69,73
DA:70,73
DA:71,73
DA:72,73
DA:73,73
DA:76,57
DA:77,57
DA:78,57
DA:79,57
DA:80,57
DA:81,57
DA:83,57
DA:84,57
DA:85,57
DA:86,57
DA:87,57
DA:88,57
DA:90,57
DA:91,57
DA:92,57
DA:93,57
DA:94,57
DA:95,57
DA:99,130
LF:64
LH:64
BRDA:24,0,0,760
BRDA:24,0,1,776
BRDA:54,1,0,130
BRDA:54,1,1,0
BRDA:60,2,0,73
BRDA:60,2,1,57
BRDA:64,3,0,73
BRDA:64,3,1,0
BRDA:71,4,0,73
BRDA:71,4,1,0
BRDA:79,5,0,57
BRDA:79,5,1,0
BRDA:86,6,0,57
BRDA:86,6,1,0
BRDA:93,7,0,57
BRDA:93,7,1,0
BRF:16
BRH:10
end_of_record
TN:
SF:src\workers\LivaWakeWorker.ts
FN:21,log
FN:64,loadModel
FN:93,extractFeatures
FN:125,relu
FN:129,sigmoid
FN:133,runInference
FN:186,processAudioFrame
FN:240,(anonymous_7)
FNF:8
FNH:8
FNDA:10,log
FNDA:2,loadModel
FNDA:1,extractFeatures
FNDA:96,relu
FNDA:2,sigmoid
FNDA:2,runInference
FNDA:1,processAudioFrame
FNDA:9,(anonymous_7)
DA:22,10
DA:40,3
DA:55,3
DA:56,3
DA:57,3
DA:58,3
DA:65,2
DA:66,2
DA:71,2
DA:72,2
DA:73,2
DA:75,0
DA:76,0
DA:77,0
DA:94,1
DA:95,1
DA:96,1
DA:98,1
DA:99,16
DA:100,16
DA:101,16
DA:103,16
DA:104,20480
DA:105,20480
DA:106,20480
DA:110,16
DA:115,16
DA:118,1
DA:126,96
DA:130,2
DA:134,2
DA:137,2
DA:138,2
DA:139,32
DA:144,2
DA:145,2
DA:146,64
DA:147,64
DA:148,1024
DA:150,64
DA:154,2
DA:155,2
DA:156,32
DA:157,32
DA:158,1024
DA:160,32
DA:164,2
DA:165,2
DA:166,32
DA:170,2
DA:172,2
DA:179,3
DA:180,3
DA:181,3
DA:183,3
DA:184,3
DA:188,1
DA:191,1
DA:192,1
DA:195,1
DA:196,1
DA:197,1
DA:198,1
DA:200,0
DA:201,0
DA:202,0
DA:203,0
DA:207,1
DA:210,1
DA:211,1
DA:214,1
DA:216,1
DA:217,1
DA:220,1
DA:221,1
DA:222,1
DA:223,1
DA:227,1
DA:228,0
DA:229,0
DA:230,0
DA:233,1
DA:240,3
DA:241,9
DA:243,9
DA:246,2
DA:247,1
DA:249,2
DA:251,2
DA:252,2
DA:258,1
DA:259,1
DA:261,1
DA:262,1
DA:267,1
DA:272,1
DA:273,1
DA:275,1
DA:276,1
DA:277,1
DA:278,1
DA:284,1
DA:288,1
DA:289,1
DA:290,1
DA:291,1
DA:295,1
DA:296,1
DA:297,1
DA:298,1
DA:302,1
DA:303,1
DA:304,1
DA:305,1
DA:309,1
DA:310,1
DA:311,1
DA:312,1
DA:313,1
DA:315,1
DA:320,1
DA:321,1
DA:322,1
DA:323,1
DA:324,1
DA:330,3
LF:126
LH:116
BRDA:75,0,0,0
BRDA:75,0,1,0
BRDA:103,1,0,20496
BRDA:103,1,1,20480
BRDA:110,2,0,16
BRDA:110,2,1,0
BRDA:126,3,0,53
BRDA:126,3,1,43
BRDA:134,4,0,0
BRDA:134,4,1,2
BRDA:188,5,0,0
BRDA:188,5,1,1
BRDA:188,6,0,1
BRDA:188,6,1,1
BRDA:192,7,0,0
BRDA:192,7,1,1
BRDA:196,8,0,1
BRDA:196,8,1,0
BRDA:207,9,0,0
BRDA:207,9,1,1
BRDA:216,10,0,1
BRDA:216,10,1,0
BRDA:220,11,0,1
BRDA:220,11,1,0
BRDA:227,12,0,0
BRDA:227,12,1,1
BRDA:243,13,0,2
BRDA:243,13,1,1
BRDA:243,13,2,1
BRDA:243,13,3,1
BRDA:243,13,4,1
BRDA:243,13,5,1
BRDA:243,13,6,1
BRDA:243,13,7,1
BRDA:246,14,0,1
BRDA:246,14,1,1
BRDA:261,15,0,1
BRDA:261,15,1,0
BRDA:276,16,0,1
BRDA:276,16,1,0
BRDA:276,17,0,1
BRDA:276,17,1,1
BRDA:310,18,0,1
BRDA:310,18,1,0
BRDA:310,19,0,1
BRDA:310,19,1,1
BRDA:310,19,2,1
BRF:47
BRH:33
end_of_record
TN:
SF:src\workers\audio-worker.ts
FN:1,(anonymous_0)
FNF:1
FNH:1
FNDA:2,(anonymous_0)
DA:1,2
DA:2,2
DA:3,2
DA:4,2
DA:6,2
DA:7,2
DA:8,2
DA:9,2
DA:10,21
DA:14,2
DA:15,2
DA:17,1
DA:18,1
DA:19,1
DA:22,1
DA:23,1
DA:25,1
DA:26,1
DA:27,1
DA:28,1
DA:29,1
DA:33,1
DA:34,1
DA:35,1
DA:36,1
DA:38,1
DA:39,1
DA:40,1
DA:41,1
DA:42,1
DA:43,735
DA:44,735
DA:47,1
DA:49,1
DA:52,1
DA:63,1
LF:36
LH:36
BRDA:2,0,0,2
BRDA:2,0,1,0
BRF:2
BRH:1
end_of_record
